2026-01-28T14:08:40.578804Z	Cloning repository...
2026-01-28T14:08:42.874001Z	From https://github.com/SiCkGFX/instrumetriq-site
2026-01-28T14:08:42.874536Z	 * branch            62cd027fde5a4acbb276210104451551f8f3027c -> FETCH_HEAD
2026-01-28T14:08:42.874737Z	
2026-01-28T14:08:43.089973Z	HEAD is now at 62cd027 Fix TypeScript errors: add Locals type definition and missing await
2026-01-28T14:08:43.090426Z	
2026-01-28T14:08:43.162156Z	
2026-01-28T14:08:43.162653Z	Using v2 root directory strategy
2026-01-28T14:08:43.181842Z	Success: Finished cloning repository files
2026-01-28T14:08:44.918722Z	Checking for configuration in a Wrangler configuration file (BETA)
2026-01-28T14:08:44.919555Z	
2026-01-28T14:08:44.920272Z	Found wrangler.toml file. Reading build configuration...
2026-01-28T14:08:44.925374Z	pages_build_output_dir: dist
2026-01-28T14:08:44.925519Z	Build environment variables: (none found)
2026-01-28T14:08:46.030595Z	Successfully read wrangler.toml file.
2026-01-28T14:08:46.096014Z	Detected the following tools from environment: npm@10.9.2, nodejs@22.16.0, pip@25.1.1, python@3.13.3
2026-01-28T14:08:46.096761Z	Installing project dependencies: npm clean-install --progress=false
2026-01-28T14:08:56.655997Z	
2026-01-28T14:08:56.656233Z	added 453 packages, and audited 454 packages in 10s
2026-01-28T14:08:56.656374Z	
2026-01-28T14:08:56.656473Z	164 packages are looking for funding
2026-01-28T14:08:56.656567Z	  run `npm fund` for details
2026-01-28T14:08:56.720949Z	
2026-01-28T14:08:56.721267Z	4 vulnerabilities (2 moderate, 2 high)
2026-01-28T14:08:56.721478Z	
2026-01-28T14:08:56.721617Z	To address all issues (including breaking changes), run:
2026-01-28T14:08:56.721736Z	  npm audit fix --force
2026-01-28T14:08:56.721874Z	
2026-01-28T14:08:56.721994Z	Run `npm audit` for details.
2026-01-28T14:08:56.74859Z	Installing project dependencies: pip install -r requirements.txt
2026-01-28T14:08:58.337492Z	Collecting boto3>=1.35.0 (from -r requirements.txt (line 9))
2026-01-28T14:08:58.371573Z	  Downloading boto3-1.42.36-py3-none-any.whl.metadata (6.8 kB)
2026-01-28T14:08:58.479282Z	Collecting pyarrow>=18.0.0 (from -r requirements.txt (line 10))
2026-01-28T14:08:58.488797Z	  Downloading pyarrow-23.0.0-cp313-cp313-manylinux_2_28_x86_64.whl.metadata (3.0 kB)
2026-01-28T14:08:58.89328Z	Collecting botocore<1.43.0,>=1.42.36 (from boto3>=1.35.0->-r requirements.txt (line 9))
2026-01-28T14:08:58.902558Z	  Downloading botocore-1.42.36-py3-none-any.whl.metadata (5.9 kB)
2026-01-28T14:08:58.923242Z	Collecting jmespath<2.0.0,>=0.7.1 (from boto3>=1.35.0->-r requirements.txt (line 9))
2026-01-28T14:08:58.932452Z	  Downloading jmespath-1.1.0-py3-none-any.whl.metadata (7.6 kB)
2026-01-28T14:08:58.95811Z	Collecting s3transfer<0.17.0,>=0.16.0 (from boto3>=1.35.0->-r requirements.txt (line 9))
2026-01-28T14:08:58.966926Z	  Downloading s3transfer-0.16.0-py3-none-any.whl.metadata (1.7 kB)
2026-01-28T14:08:58.991469Z	Collecting python-dateutil<3.0.0,>=2.1 (from botocore<1.43.0,>=1.42.36->boto3>=1.35.0->-r requirements.txt (line 9))
2026-01-28T14:08:58.999902Z	  Downloading python_dateutil-2.9.0.post0-py2.py3-none-any.whl.metadata (8.4 kB)
2026-01-28T14:08:59.055765Z	Collecting urllib3!=2.2.0,<3,>=1.25.4 (from botocore<1.43.0,>=1.42.36->boto3>=1.35.0->-r requirements.txt (line 9))
2026-01-28T14:08:59.064561Z	  Downloading urllib3-2.6.3-py3-none-any.whl.metadata (6.9 kB)
2026-01-28T14:08:59.087681Z	Collecting six>=1.5 (from python-dateutil<3.0.0,>=2.1->botocore<1.43.0,>=1.42.36->boto3>=1.35.0->-r requirements.txt (line 9))
2026-01-28T14:08:59.096388Z	  Downloading six-1.17.0-py2.py3-none-any.whl.metadata (1.7 kB)
2026-01-28T14:08:59.245404Z	Downloading boto3-1.42.36-py3-none-any.whl (140 kB)
2026-01-28T14:08:59.265965Z	Downloading botocore-1.42.36-py3-none-any.whl (14.6 MB)
2026-01-28T14:08:59.336405Z	   â”â”â”â”â”â”â”â”â”â”â”â”â”â”â”â”â”â”â”â”â”â”â”â”â”â”â”â”â”â”â”â”â”â”â”â”â”â”â”â” 14.6/14.6 MB 231.0 MB/s eta 0:00:00
2026-01-28T14:08:59.345252Z	Downloading jmespath-1.1.0-py3-none-any.whl (20 kB)
2026-01-28T14:08:59.357181Z	Downloading python_dateutil-2.9.0.post0-py2.py3-none-any.whl (229 kB)
2026-01-28T14:08:59.366935Z	Downloading s3transfer-0.16.0-py3-none-any.whl (86 kB)
2026-01-28T14:08:59.377287Z	Downloading urllib3-2.6.3-py3-none-any.whl (131 kB)
2026-01-28T14:08:59.386801Z	Downloading pyarrow-23.0.0-cp313-cp313-manylinux_2_28_x86_64.whl (47.6 MB)
2026-01-28T14:08:59.58107Z	   â”â”â”â”â”â”â”â”â”â”â”â”â”â”â”â”â”â”â”â”â”â”â”â”â”â”â”â”â”â”â”â”â”â”â”â”â”â”â”â” 47.6/47.6 MB 248.3 MB/s eta 0:00:00
2026-01-28T14:08:59.590505Z	Downloading six-1.17.0-py2.py3-none-any.whl (11 kB)
2026-01-28T14:08:59.715001Z	Installing collected packages: urllib3, six, pyarrow, jmespath, python-dateutil, botocore, s3transfer, boto3
2026-01-28T14:09:02.14962Z	
2026-01-28T14:09:02.151809Z	Successfully installed boto3-1.42.36 botocore-1.42.36 jmespath-1.1.0 pyarrow-23.0.0 python-dateutil-2.9.0.post0 s3transfer-0.16.0 six-1.17.0 urllib3-2.6.3
2026-01-28T14:09:02.234984Z	
2026-01-28T14:09:02.235641Z	[notice] A new release of pip is available: 25.1.1 -> 25.3
2026-01-28T14:09:02.235876Z	[notice] To update, run: pip3 install --upgrade pip
2026-01-28T14:09:02.388982Z	Reshimming asdf python...
2026-01-28T14:09:06.279365Z	Executing user command: npm run build
2026-01-28T14:09:06.675324Z	
2026-01-28T14:09:06.675606Z	> instrumetriq@0.0.1 build
2026-01-28T14:09:06.675826Z	> npm run lint:wording && bash -c 'source ~/.r2_credentials 2>/dev/null || true; astro build'
2026-01-28T14:09:06.675943Z	
2026-01-28T14:09:06.850676Z	
2026-01-28T14:09:06.850992Z	> instrumetriq@0.0.1 lint:wording
2026-01-28T14:09:06.851113Z	> node scripts/lint_wording.mjs
2026-01-28T14:09:06.851384Z	
2026-01-28T14:09:06.912145Z	lint:wording passed
2026-01-28T14:09:08.710178Z	[2m14:09:08[22m [34m[@astrojs/cloudflare][39m Enabling sessions with Cloudflare KV with the "SESSION" KV binding.
2026-01-28T14:09:08.710442Z	[2m14:09:08[22m [34m[@astrojs/cloudflare][39m If you see the error "Invalid binding `SESSION`" in your build output, you need to add the binding to your wrangler config file.
2026-01-28T14:09:09.15784Z	[2m14:09:09[22m [34m[content][39m Syncing content
2026-01-28T14:09:09.890407Z	[2m14:09:09[22m [34m[content][39m Synced content
2026-01-28T14:09:09.891342Z	[2m14:09:09[22m [34m[types][39m Generated [2m1.16s[22m
2026-01-28T14:09:09.891811Z	[2m14:09:09[22m [34m[build][39m output: [34m"static"[39m
2026-01-28T14:09:09.891954Z	[2m14:09:09[22m [34m[build][39m mode: [34m"server"[39m
2026-01-28T14:09:09.89211Z	[2m14:09:09[22m [34m[build][39m directory: [34m/opt/buildhome/repo/dist/[39m
2026-01-28T14:09:09.892206Z	[2m14:09:09[22m [34m[build][39m adapter: [32m@astrojs/cloudflare[39m
2026-01-28T14:09:09.892331Z	[2m14:09:09[22m [34m[build][39m Collecting build info...
2026-01-28T14:09:09.892672Z	[2m14:09:09[22m [34m[build][39m [32mâœ“ Completed in 1.18s.[39m
2026-01-28T14:09:09.893858Z	[2m14:09:09[22m [34m[build][39m Building server entrypoints...
2026-01-28T14:09:10.699968Z	[33m[1m14:09:10[22m [WARN] [vite][39m [33m[plugin vite:resolve] Automatically externalized node built-in module "fs" imported from "src/pages/api/downloads/tier1.ts". Consider adding it to environments.ssr.external if it is intended.[39m
2026-01-28T14:09:10.701552Z	[33m[1m14:09:10[22m [WARN] [vite][39m [33m[plugin vite:resolve] Automatically externalized node built-in module "fs" imported from "src/pages/api/downloads/tier2.ts". Consider adding it to environments.ssr.external if it is intended.[39m
2026-01-28T14:09:10.702916Z	[33m[1m14:09:10[22m [WARN] [vite][39m [33m[plugin vite:resolve] Automatically externalized node built-in module "fs" imported from "src/pages/api/downloads/tier3.ts". Consider adding it to environments.ssr.external if it is intended.[39m
2026-01-28T14:09:10.876965Z	[33m[1m14:09:10[22m [WARN] [vite][39m [33m[plugin vite:resolve] Automatically externalized node built-in module "node:fs" imported from "src/pages/updates/index.astro". Consider adding it to environments.ssr.external if it is intended.[39m
2026-01-28T14:09:10.877189Z	[33m[1m14:09:10[22m [WARN] [vite][39m [33m[plugin vite:resolve] Automatically externalized node built-in module "node:path" imported from "src/pages/updates/index.astro". Consider adding it to environments.ssr.external if it is intended.[39m
2026-01-28T14:09:10.909428Z	[33m[1m14:09:10[22m [WARN] [vite][39m [33m[plugin vite:resolve] Automatically externalized node built-in module "node:fs" imported from "src/pages/access/index.astro". Consider adding it to environments.ssr.external if it is intended.[39m
2026-01-28T14:09:10.909706Z	[33m[1m14:09:10[22m [WARN] [vite][39m [33m[plugin vite:resolve] Automatically externalized node built-in module "node:path" imported from "src/pages/access/index.astro". Consider adding it to environments.ssr.external if it is intended.[39m
2026-01-28T14:09:10.91643Z	[33m[1m14:09:10[22m [WARN] [vite][39m [33m[plugin vite:resolve] Automatically externalized node built-in module "node:fs" imported from "src/pages/dataset.astro". Consider adding it to environments.ssr.external if it is intended.[39m
2026-01-28T14:09:10.916754Z	[33m[1m14:09:10[22m [WARN] [vite][39m [33m[plugin vite:resolve] Automatically externalized node built-in module "node:path" imported from "src/pages/dataset.astro". Consider adding it to environments.ssr.external if it is intended.[39m
2026-01-28T14:09:11.134763Z	[33m[1m14:09:11[22m [WARN] [vite][39m [33m[plugin vite:resolve] Automatically externalized node built-in module "node:fs" imported from "src/lib/artifactsData.ts". Consider adding it to environments.ssr.external if it is intended.[39m
2026-01-28T14:09:11.13522Z	[33m[1m14:09:11[22m [WARN] [vite][39m [33m[plugin vite:resolve] Automatically externalized node built-in module "node:path" imported from "src/lib/artifactsData.ts". Consider adding it to environments.ssr.external if it is intended.[39m
2026-01-28T14:09:12.816502Z	[2m14:09:12[22m [34m[vite][39m [32mâœ“ built in 2.90s[39m
2026-01-28T14:09:12.816713Z	[2m14:09:12[22m [34m[build][39m [32mâœ“ Completed in 2.92s.[39m
2026-01-28T14:09:12.817601Z	
2026-01-28T14:09:12.817829Z	[42m[30m building client (vite) [39m[49m
2026-01-28T14:09:12.838163Z	[2m14:09:12[22m [34m[vite][39m transforming...
2026-01-28T14:09:12.858466Z	[2m14:09:12[22m [34m[vite][39m [32mâœ“[39m 2 modules transformed.
2026-01-28T14:09:12.882115Z	[2m14:09:12[22m [34m[vite][39m rendering chunks...
2026-01-28T14:09:12.88363Z	[2m14:09:12[22m [34m[vite][39m computing gzip size...
2026-01-28T14:09:12.88528Z	[2m14:09:12[22m [34m[vite][39m [2mdist/[22m[2m_astro/[22m[36mresearch.astro_astro_type_script_index_0_lang.CBbrCgIe.js  [39m[1m[2m14.27 kB[22m[1m[22m[2m â”‚ gzip: 4.61 kB[22m
2026-01-28T14:09:12.885548Z	[2m14:09:12[22m [34m[vite][39m [32mâœ“ built in 64ms[39m
2026-01-28T14:09:12.903138Z	
2026-01-28T14:09:12.903293Z	[42m[30m prerendering static routes [39m[49m
2026-01-28T14:09:12.908188Z	[2m14:09:12[22m [32mâ–¶[39m src/pages/access/[tier].astro
2026-01-28T14:09:12.926864Z	[2m14:09:12[22m   [34mâ”œâ”€[39m [2m/access/tier1/index.html[22m [2m(+12ms)[22m 
2026-01-28T14:09:12.929535Z	[2m14:09:12[22m   [34mâ”œâ”€[39m [2m/access/tier3/index.html[22m [2m(+3ms)[22m 
2026-01-28T14:09:12.931874Z	[2m14:09:12[22m   [34mâ””â”€[39m [2m/access/tier2/index.html[22m [2m(+2ms)[22m 
2026-01-28T14:09:12.933245Z	[2m14:09:12[22m [32mâ–¶[39m src/pages/access/index.astro
2026-01-28T14:09:12.936618Z	[2m14:09:12[22m   [34mâ””â”€[39m [2m/access/index.html[22m [2m(+3ms)[22m 
2026-01-28T14:09:12.949701Z	[2m14:09:12[22m [35mÎ»[39m src/pages/api/download.ts
2026-01-28T14:09:12.950423Z	[2m14:09:12[22m   [34mâ””â”€[39m [2m/api/download[22m[33m[1m14:09:12[22m [WARN] [router][39m No API Route handler exists for the method "GET" for the route "/api/download".
2026-01-28T14:09:12.9507Z	Found handlers: "POST"
2026-01-28T14:09:12.950861Z	
2026-01-28T14:09:12.95095Z	 [2m(+1ms)[22m [33m(file not created, response body was empty)[39m
2026-01-28T14:09:12.951933Z	[2m14:09:12[22m [35mÎ»[39m src/pages/api/downloads/tier1.ts
2026-01-28T14:09:12.953486Z	[2m14:09:12[22m   [34mâ””â”€[39m [2m/api/downloads/tier1[22m [2m(+1ms)[22m 
2026-01-28T14:09:12.954672Z	[2m14:09:12[22m [35mÎ»[39m src/pages/api/downloads/tier2.ts
2026-01-28T14:09:12.955833Z	[2m14:09:12[22m   [34mâ””â”€[39m [2m/api/downloads/tier2[22m [2m(+1ms)[22m 
2026-01-28T14:09:12.957017Z	[2m14:09:12[22m [35mÎ»[39m src/pages/api/downloads/tier3.ts
2026-01-28T14:09:12.958678Z	[2m14:09:12[22m   [34mâ””â”€[39m [2m/api/downloads/tier3[22m [2m(+2ms)[22m 
2026-01-28T14:09:12.959957Z	[2m14:09:12[22m [32mâ–¶[39m src/pages/contact.astro
2026-01-28T14:09:12.962948Z	[2m14:09:12[22m   [34mâ””â”€[39m [2m/contact/index.html[22m [2m(+3ms)[22m 
2026-01-28T14:09:12.965985Z	[2m14:09:12[22m [32mâ–¶[39m src/pages/dataset.astro
2026-01-28T14:09:12.968397Z	[2m14:09:12[22m   [34mâ””â”€[39m [2m/dataset/index.html[22m [2m(+3ms)[22m 
2026-01-28T14:09:12.969326Z	[2m14:09:12[22m [32mâ–¶[39m src/pages/legal/disclaimer.astro
2026-01-28T14:09:12.970821Z	[2m14:09:12[22m   [34mâ””â”€[39m [2m/legal/disclaimer/index.html[22m [2m(+1ms)[22m 
2026-01-28T14:09:12.971868Z	[2m14:09:12[22m [32mâ–¶[39m src/pages/legal/privacy.astro
2026-01-28T14:09:12.973271Z	[2m14:09:12[22m   [34mâ””â”€[39m [2m/legal/privacy/index.html[22m [2m(+1ms)[22m 
2026-01-28T14:09:12.974458Z	[2m14:09:12[22m [32mâ–¶[39m src/pages/legal/terms.astro
2026-01-28T14:09:12.976088Z	[2m14:09:12[22m   [34mâ””â”€[39m [2m/legal/terms/index.html[22m [2m(+2ms)[22m 
2026-01-28T14:09:12.977213Z	[2m14:09:12[22m [32mâ–¶[39m src/pages/research.astro
2026-01-28T14:09:12.978735Z	[2m14:09:12[22m   [34mâ””â”€[39m [2m/research/index.html[22m [2m(+2ms)[22m 
2026-01-28T14:09:12.979814Z	[2m14:09:12[22m [32mâ–¶[39m src/pages/updates/[slug].astro
2026-01-28T14:09:12.982067Z	[2m14:09:12[22m   [34mâ”œâ”€[39m [2m/updates/2025-12-19/index.html[22m [2m(+2ms)[22m 
2026-01-28T14:09:12.983513Z	[2m14:09:12[22m   [34mâ”œâ”€[39m [2m/updates/2025-12-20/index.html[22m [2m(+1ms)[22m 
2026-01-28T14:09:12.98477Z	[2m14:09:12[22m   [34mâ”œâ”€[39m [2m/updates/2026-01-26/index.html[22m [2m(+1ms)[22m 
2026-01-28T14:09:12.985978Z	[2m14:09:12[22m   [34mâ”œâ”€[39m [2m/updates/2026-01-25/index.html[22m [2m(+1ms)[22m 
2026-01-28T14:09:12.987219Z	[2m14:09:12[22m   [34mâ”œâ”€[39m [2m/updates/2026-01-27-archive-cleanup/index.html[22m [2m(+1ms)[22m 
2026-01-28T14:09:12.98853Z	[2m14:09:12[22m   [34mâ”œâ”€[39m [2m/updates/2026-01-27/index.html[22m [2m(+1ms)[22m 
2026-01-28T14:09:12.989769Z	[2m14:09:12[22m   [34mâ””â”€[39m [2m/updates/welcome/index.html[22m [2m(+1ms)[22m 
2026-01-28T14:09:12.990871Z	[2m14:09:12[22m [32mâ–¶[39m src/pages/updates/index.astro
2026-01-28T14:09:12.99342Z	[2m14:09:12[22m   [34mâ””â”€[39m [2m/updates/index.html[22m [2m(+3ms)[22m 
2026-01-28T14:09:12.996701Z	[2m14:09:12[22m [32mâ–¶[39m src/pages/index.astro
2026-01-28T14:09:12.997801Z	[2m14:09:12[22m   [34mâ””â”€[39m [2m/index.html[22m [2m(+1ms)[22m 
2026-01-28T14:09:12.998132Z	[2m14:09:12[22m [32mâœ“ Completed in 106ms.
2026-01-28T14:09:12.998292Z	[39m
2026-01-28T14:09:12.999784Z	[2m14:09:12[22m [34m[build][39m Rearranging server assets...
2026-01-28T14:09:13.005841Z	[2m14:09:13[22m [34m[build][39m Server built in [1m4.30s[22m
2026-01-28T14:09:13.006139Z	[2m14:09:13[22m [34m[build][39m [1mComplete![22m
2026-01-28T14:09:13.046337Z	Finished
2026-01-28T14:09:13.891917Z	Checking for configuration in a Wrangler configuration file (BETA)
2026-01-28T14:09:13.892814Z	
2026-01-28T14:09:13.892969Z	Found wrangler.toml file. Reading build configuration...
2026-01-28T14:09:13.897977Z	pages_build_output_dir: dist
2026-01-28T14:09:13.898182Z	Build environment variables: (none found)
2026-01-28T14:09:15.008619Z	Successfully read wrangler.toml file.
2026-01-28T14:09:15.009503Z	Found _worker.js in output directory. Uploading.
2026-01-28T14:09:15.01496Z	 â›…ï¸ wrangler 3.101.0
2026-01-28T14:09:15.01515Z	-------------------
2026-01-28T14:09:15.862924Z	Attaching additional modules:
2026-01-28T14:09:15.874531Z	â”Œâ”€â”€â”€â”€â”€â”€â”€â”€â”€â”€â”€â”€â”€â”€â”€â”€â”€â”€â”€â”€â”€â”€â”€â”€â”€â”€â”€â”€â”€â”€â”€â”€â”€â”€â”€â”€â”€â”€â”€â”€â”€â”€â”€â”€â”€â”€â”€â”€â”¬â”€â”€â”€â”€â”€â”€â”¬â”€â”€â”€â”€â”€â”€â”€â”€â”€â”€â”€â”€â”€â”
2026-01-28T14:09:15.875044Z	â”‚ Name                                           â”‚ Type â”‚ Size        â”‚
2026-01-28T14:09:15.875189Z	â”œâ”€â”€â”€â”€â”€â”€â”€â”€â”€â”€â”€â”€â”€â”€â”€â”€â”€â”€â”€â”€â”€â”€â”€â”€â”€â”€â”€â”€â”€â”€â”€â”€â”€â”€â”€â”€â”€â”€â”€â”€â”€â”€â”€â”€â”€â”€â”€â”€â”¼â”€â”€â”€â”€â”€â”€â”¼â”€â”€â”€â”€â”€â”€â”€â”€â”€â”€â”€â”€â”€â”¤
2026-01-28T14:09:15.87526Z	â”‚ _@astrojs-ssr-adapter.mjs                      â”‚ esm  â”‚ 0.14 KiB    â”‚
2026-01-28T14:09:15.875502Z	â”œâ”€â”€â”€â”€â”€â”€â”€â”€â”€â”€â”€â”€â”€â”€â”€â”€â”€â”€â”€â”€â”€â”€â”€â”€â”€â”€â”€â”€â”€â”€â”€â”€â”€â”€â”€â”€â”€â”€â”€â”€â”€â”€â”€â”€â”€â”€â”€â”€â”¼â”€â”€â”€â”€â”€â”€â”¼â”€â”€â”€â”€â”€â”€â”€â”€â”€â”€â”€â”€â”€â”¤
2026-01-28T14:09:15.875607Z	â”‚ _astro-internal_middleware.mjs                 â”‚ esm  â”‚ 0.45 KiB    â”‚
2026-01-28T14:09:15.875686Z	â”œâ”€â”€â”€â”€â”€â”€â”€â”€â”€â”€â”€â”€â”€â”€â”€â”€â”€â”€â”€â”€â”€â”€â”€â”€â”€â”€â”€â”€â”€â”€â”€â”€â”€â”€â”€â”€â”€â”€â”€â”€â”€â”€â”€â”€â”€â”€â”€â”€â”¼â”€â”€â”€â”€â”€â”€â”¼â”€â”€â”€â”€â”€â”€â”€â”€â”€â”€â”€â”€â”€â”¤
2026-01-28T14:09:15.875782Z	â”‚ chunks/BaseLayout_e0c2tM8y.mjs                 â”‚ esm  â”‚ 3.44 KiB    â”‚
2026-01-28T14:09:15.875868Z	â”œâ”€â”€â”€â”€â”€â”€â”€â”€â”€â”€â”€â”€â”€â”€â”€â”€â”€â”€â”€â”€â”€â”€â”€â”€â”€â”€â”€â”€â”€â”€â”€â”€â”€â”€â”€â”€â”€â”€â”€â”€â”€â”€â”€â”€â”€â”€â”€â”€â”¼â”€â”€â”€â”€â”€â”€â”¼â”€â”€â”€â”€â”€â”€â”€â”€â”€â”€â”€â”€â”€â”¤
2026-01-28T14:09:15.875973Z	â”‚ chunks/_@astrojs-ssr-adapter_YhnGaSO0.mjs      â”‚ esm  â”‚ 38.62 KiB   â”‚
2026-01-28T14:09:15.876083Z	â”œâ”€â”€â”€â”€â”€â”€â”€â”€â”€â”€â”€â”€â”€â”€â”€â”€â”€â”€â”€â”€â”€â”€â”€â”€â”€â”€â”€â”€â”€â”€â”€â”€â”€â”€â”€â”€â”€â”€â”€â”€â”€â”€â”€â”€â”€â”€â”€â”€â”¼â”€â”€â”€â”€â”€â”€â”¼â”€â”€â”€â”€â”€â”€â”€â”€â”€â”€â”€â”€â”€â”¤
2026-01-28T14:09:15.876188Z	â”‚ chunks/_astro_assets_C5vHSTHM.mjs              â”‚ esm  â”‚ 59.18 KiB   â”‚
2026-01-28T14:09:15.876291Z	â”œâ”€â”€â”€â”€â”€â”€â”€â”€â”€â”€â”€â”€â”€â”€â”€â”€â”€â”€â”€â”€â”€â”€â”€â”€â”€â”€â”€â”€â”€â”€â”€â”€â”€â”€â”€â”€â”€â”€â”€â”€â”€â”€â”€â”€â”€â”€â”€â”€â”¼â”€â”€â”€â”€â”€â”€â”¼â”€â”€â”€â”€â”€â”€â”€â”€â”€â”€â”€â”€â”€â”¤
2026-01-28T14:09:15.876449Z	â”‚ chunks/_astro_data-layer-content_LCMjc8-E.mjs  â”‚ esm  â”‚ 0.06 KiB    â”‚
2026-01-28T14:09:15.876578Z	â”œâ”€â”€â”€â”€â”€â”€â”€â”€â”€â”€â”€â”€â”€â”€â”€â”€â”€â”€â”€â”€â”€â”€â”€â”€â”€â”€â”€â”€â”€â”€â”€â”€â”€â”€â”€â”€â”€â”€â”€â”€â”€â”€â”€â”€â”€â”€â”€â”€â”¼â”€â”€â”€â”€â”€â”€â”¼â”€â”€â”€â”€â”€â”€â”€â”€â”€â”€â”€â”€â”€â”¤
2026-01-28T14:09:15.876903Z	â”‚ chunks/astro/server_DlS30kgH.mjs               â”‚ esm  â”‚ 246.26 KiB  â”‚
2026-01-28T14:09:15.877222Z	â”œâ”€â”€â”€â”€â”€â”€â”€â”€â”€â”€â”€â”€â”€â”€â”€â”€â”€â”€â”€â”€â”€â”€â”€â”€â”€â”€â”€â”€â”€â”€â”€â”€â”€â”€â”€â”€â”€â”€â”€â”€â”€â”€â”€â”€â”€â”€â”€â”€â”¼â”€â”€â”€â”€â”€â”€â”¼â”€â”€â”€â”€â”€â”€â”€â”€â”€â”€â”€â”€â”€â”¤
2026-01-28T14:09:15.877504Z	â”‚ chunks/astro-designed-error-pages_CWS3dlc8.mjs â”‚ esm  â”‚ 32.60 KiB   â”‚
2026-01-28T14:09:15.878248Z	â”œâ”€â”€â”€â”€â”€â”€â”€â”€â”€â”€â”€â”€â”€â”€â”€â”€â”€â”€â”€â”€â”€â”€â”€â”€â”€â”€â”€â”€â”€â”€â”€â”€â”€â”€â”€â”€â”€â”€â”€â”€â”€â”€â”€â”€â”€â”€â”€â”€â”¼â”€â”€â”€â”€â”€â”€â”¼â”€â”€â”€â”€â”€â”€â”€â”€â”€â”€â”€â”€â”€â”¤
2026-01-28T14:09:15.878798Z	â”‚ chunks/cloudflare-kv-binding_DMly_2Gl.mjs      â”‚ esm  â”‚ 2.94 KiB    â”‚
2026-01-28T14:09:15.879052Z	â”œâ”€â”€â”€â”€â”€â”€â”€â”€â”€â”€â”€â”€â”€â”€â”€â”€â”€â”€â”€â”€â”€â”€â”€â”€â”€â”€â”€â”€â”€â”€â”€â”€â”€â”€â”€â”€â”€â”€â”€â”€â”€â”€â”€â”€â”€â”€â”€â”€â”¼â”€â”€â”€â”€â”€â”€â”¼â”€â”€â”€â”€â”€â”€â”€â”€â”€â”€â”€â”€â”€â”¤
2026-01-28T14:09:15.879174Z	â”‚ chunks/consts_Q4AsXsmN.mjs                     â”‚ esm  â”‚ 0.54 KiB    â”‚
2026-01-28T14:09:15.87929Z	â”œâ”€â”€â”€â”€â”€â”€â”€â”€â”€â”€â”€â”€â”€â”€â”€â”€â”€â”€â”€â”€â”€â”€â”€â”€â”€â”€â”€â”€â”€â”€â”€â”€â”€â”€â”€â”€â”€â”€â”€â”€â”€â”€â”€â”€â”€â”€â”€â”€â”¼â”€â”€â”€â”€â”€â”€â”¼â”€â”€â”€â”€â”€â”€â”€â”€â”€â”€â”€â”€â”€â”¤
2026-01-28T14:09:15.879412Z	â”‚ chunks/content-assets_XqCgPAV2.mjs             â”‚ esm  â”‚ 0.06 KiB    â”‚
2026-01-28T14:09:15.87952Z	â”œâ”€â”€â”€â”€â”€â”€â”€â”€â”€â”€â”€â”€â”€â”€â”€â”€â”€â”€â”€â”€â”€â”€â”€â”€â”€â”€â”€â”€â”€â”€â”€â”€â”€â”€â”€â”€â”€â”€â”€â”€â”€â”€â”€â”€â”€â”€â”€â”€â”¼â”€â”€â”€â”€â”€â”€â”¼â”€â”€â”€â”€â”€â”€â”€â”€â”€â”€â”€â”€â”€â”¤
2026-01-28T14:09:15.879629Z	â”‚ chunks/content-modules_Bvq7llv8.mjs            â”‚ esm  â”‚ 0.06 KiB    â”‚
2026-01-28T14:09:15.879728Z	â”œâ”€â”€â”€â”€â”€â”€â”€â”€â”€â”€â”€â”€â”€â”€â”€â”€â”€â”€â”€â”€â”€â”€â”€â”€â”€â”€â”€â”€â”€â”€â”€â”€â”€â”€â”€â”€â”€â”€â”€â”€â”€â”€â”€â”€â”€â”€â”€â”€â”¼â”€â”€â”€â”€â”€â”€â”¼â”€â”€â”€â”€â”€â”€â”€â”€â”€â”€â”€â”€â”€â”¤
2026-01-28T14:09:15.879826Z	â”‚ chunks/index_Bn0MEFCq.mjs                      â”‚ esm  â”‚ 10.85 KiB   â”‚
2026-01-28T14:09:15.879964Z	â”œâ”€â”€â”€â”€â”€â”€â”€â”€â”€â”€â”€â”€â”€â”€â”€â”€â”€â”€â”€â”€â”€â”€â”€â”€â”€â”€â”€â”€â”€â”€â”€â”€â”€â”€â”€â”€â”€â”€â”€â”€â”€â”€â”€â”€â”€â”€â”€â”€â”¼â”€â”€â”€â”€â”€â”€â”¼â”€â”€â”€â”€â”€â”€â”€â”€â”€â”€â”€â”€â”€â”¤
2026-01-28T14:09:15.88007Z	â”‚ chunks/index_Yt8WiIUT.mjs                      â”‚ esm  â”‚ 117.51 KiB  â”‚
2026-01-28T14:09:15.880183Z	â”œâ”€â”€â”€â”€â”€â”€â”€â”€â”€â”€â”€â”€â”€â”€â”€â”€â”€â”€â”€â”€â”€â”€â”€â”€â”€â”€â”€â”€â”€â”€â”€â”€â”€â”€â”€â”€â”€â”€â”€â”€â”€â”€â”€â”€â”€â”€â”€â”€â”¼â”€â”€â”€â”€â”€â”€â”¼â”€â”€â”€â”€â”€â”€â”€â”€â”€â”€â”€â”€â”€â”¤
2026-01-28T14:09:15.880314Z	â”‚ chunks/noop-middleware_DFkxg5Xl.mjs            â”‚ esm  â”‚ 0.33 KiB    â”‚
2026-01-28T14:09:15.880465Z	â”œâ”€â”€â”€â”€â”€â”€â”€â”€â”€â”€â”€â”€â”€â”€â”€â”€â”€â”€â”€â”€â”€â”€â”€â”€â”€â”€â”€â”€â”€â”€â”€â”€â”€â”€â”€â”€â”€â”€â”€â”€â”€â”€â”€â”€â”€â”€â”€â”€â”¼â”€â”€â”€â”€â”€â”€â”¼â”€â”€â”€â”€â”€â”€â”€â”€â”€â”€â”€â”€â”€â”¤
2026-01-28T14:09:15.88058Z	â”‚ chunks/noop_CbQOJsbL.mjs                       â”‚ esm  â”‚ 0.67 KiB    â”‚
2026-01-28T14:09:15.880681Z	â”œâ”€â”€â”€â”€â”€â”€â”€â”€â”€â”€â”€â”€â”€â”€â”€â”€â”€â”€â”€â”€â”€â”€â”€â”€â”€â”€â”€â”€â”€â”€â”€â”€â”€â”€â”€â”€â”€â”€â”€â”€â”€â”€â”€â”€â”€â”€â”€â”€â”¼â”€â”€â”€â”€â”€â”€â”¼â”€â”€â”€â”€â”€â”€â”€â”€â”€â”€â”€â”€â”€â”¤
2026-01-28T14:09:15.880898Z	â”‚ chunks/parse_DGrrK2jG.mjs                      â”‚ esm  â”‚ 8.70 KiB    â”‚
2026-01-28T14:09:15.881033Z	â”œâ”€â”€â”€â”€â”€â”€â”€â”€â”€â”€â”€â”€â”€â”€â”€â”€â”€â”€â”€â”€â”€â”€â”€â”€â”€â”€â”€â”€â”€â”€â”€â”€â”€â”€â”€â”€â”€â”€â”€â”€â”€â”€â”€â”€â”€â”€â”€â”€â”¼â”€â”€â”€â”€â”€â”€â”¼â”€â”€â”€â”€â”€â”€â”€â”€â”€â”€â”€â”€â”€â”¤
2026-01-28T14:09:15.881188Z	â”‚ chunks/path_BgNISshD.mjs                       â”‚ esm  â”‚ 3.17 KiB    â”‚
2026-01-28T14:09:15.881299Z	â”œâ”€â”€â”€â”€â”€â”€â”€â”€â”€â”€â”€â”€â”€â”€â”€â”€â”€â”€â”€â”€â”€â”€â”€â”€â”€â”€â”€â”€â”€â”€â”€â”€â”€â”€â”€â”€â”€â”€â”€â”€â”€â”€â”€â”€â”€â”€â”€â”€â”¼â”€â”€â”€â”€â”€â”€â”¼â”€â”€â”€â”€â”€â”€â”€â”€â”€â”€â”€â”€â”€â”¤
2026-01-28T14:09:15.881429Z	â”‚ chunks/remote_CrdlObHx.mjs                     â”‚ esm  â”‚ 2.21 KiB    â”‚
2026-01-28T14:09:15.881525Z	â”œâ”€â”€â”€â”€â”€â”€â”€â”€â”€â”€â”€â”€â”€â”€â”€â”€â”€â”€â”€â”€â”€â”€â”€â”€â”€â”€â”€â”€â”€â”€â”€â”€â”€â”€â”€â”€â”€â”€â”€â”€â”€â”€â”€â”€â”€â”€â”€â”€â”¼â”€â”€â”€â”€â”€â”€â”¼â”€â”€â”€â”€â”€â”€â”€â”€â”€â”€â”€â”€â”€â”¤
2026-01-28T14:09:15.881617Z	â”‚ chunks/tokenValidator_DI5B5esk.mjs             â”‚ esm  â”‚ 416.23 KiB  â”‚
2026-01-28T14:09:15.881708Z	â”œâ”€â”€â”€â”€â”€â”€â”€â”€â”€â”€â”€â”€â”€â”€â”€â”€â”€â”€â”€â”€â”€â”€â”€â”€â”€â”€â”€â”€â”€â”€â”€â”€â”€â”€â”€â”€â”€â”€â”€â”€â”€â”€â”€â”€â”€â”€â”€â”€â”¼â”€â”€â”€â”€â”€â”€â”¼â”€â”€â”€â”€â”€â”€â”€â”€â”€â”€â”€â”€â”€â”¤
2026-01-28T14:09:15.881814Z	â”‚ manifest_BmwiN0Gh.mjs                          â”‚ esm  â”‚ 31.91 KiB   â”‚
2026-01-28T14:09:15.881914Z	â”œâ”€â”€â”€â”€â”€â”€â”€â”€â”€â”€â”€â”€â”€â”€â”€â”€â”€â”€â”€â”€â”€â”€â”€â”€â”€â”€â”€â”€â”€â”€â”€â”€â”€â”€â”€â”€â”€â”€â”€â”€â”€â”€â”€â”€â”€â”€â”€â”€â”¼â”€â”€â”€â”€â”€â”€â”¼â”€â”€â”€â”€â”€â”€â”€â”€â”€â”€â”€â”€â”€â”¤
2026-01-28T14:09:15.882017Z	â”‚ noop-entrypoint.mjs                            â”‚ esm  â”‚ 0.09 KiB    â”‚
2026-01-28T14:09:15.882132Z	â”œâ”€â”€â”€â”€â”€â”€â”€â”€â”€â”€â”€â”€â”€â”€â”€â”€â”€â”€â”€â”€â”€â”€â”€â”€â”€â”€â”€â”€â”€â”€â”€â”€â”€â”€â”€â”€â”€â”€â”€â”€â”€â”€â”€â”€â”€â”€â”€â”€â”¼â”€â”€â”€â”€â”€â”€â”¼â”€â”€â”€â”€â”€â”€â”€â”€â”€â”€â”€â”€â”€â”¤
2026-01-28T14:09:15.882239Z	â”‚ pages/_image.astro.mjs                         â”‚ esm  â”‚ 3.09 KiB    â”‚
2026-01-28T14:09:15.882333Z	â”œâ”€â”€â”€â”€â”€â”€â”€â”€â”€â”€â”€â”€â”€â”€â”€â”€â”€â”€â”€â”€â”€â”€â”€â”€â”€â”€â”€â”€â”€â”€â”€â”€â”€â”€â”€â”€â”€â”€â”€â”€â”€â”€â”€â”€â”€â”€â”€â”€â”¼â”€â”€â”€â”€â”€â”€â”¼â”€â”€â”€â”€â”€â”€â”€â”€â”€â”€â”€â”€â”€â”¤
2026-01-28T14:09:15.882619Z	â”‚ pages/access/_tier_.astro.mjs                  â”‚ esm  â”‚ 0.06 KiB    â”‚
2026-01-28T14:09:15.882722Z	â”œâ”€â”€â”€â”€â”€â”€â”€â”€â”€â”€â”€â”€â”€â”€â”€â”€â”€â”€â”€â”€â”€â”€â”€â”€â”€â”€â”€â”€â”€â”€â”€â”€â”€â”€â”€â”€â”€â”€â”€â”€â”€â”€â”€â”€â”€â”€â”€â”€â”¼â”€â”€â”€â”€â”€â”€â”¼â”€â”€â”€â”€â”€â”€â”€â”€â”€â”€â”€â”€â”€â”¤
2026-01-28T14:09:15.882836Z	â”‚ pages/access.astro.mjs                         â”‚ esm  â”‚ 0.06 KiB    â”‚
2026-01-28T14:09:15.88294Z	â”œâ”€â”€â”€â”€â”€â”€â”€â”€â”€â”€â”€â”€â”€â”€â”€â”€â”€â”€â”€â”€â”€â”€â”€â”€â”€â”€â”€â”€â”€â”€â”€â”€â”€â”€â”€â”€â”€â”€â”€â”€â”€â”€â”€â”€â”€â”€â”€â”€â”¼â”€â”€â”€â”€â”€â”€â”¼â”€â”€â”€â”€â”€â”€â”€â”€â”€â”€â”€â”€â”€â”¤
2026-01-28T14:09:15.883074Z	â”‚ pages/api/download.astro.mjs                   â”‚ esm  â”‚ 0.06 KiB    â”‚
2026-01-28T14:09:15.883179Z	â”œâ”€â”€â”€â”€â”€â”€â”€â”€â”€â”€â”€â”€â”€â”€â”€â”€â”€â”€â”€â”€â”€â”€â”€â”€â”€â”€â”€â”€â”€â”€â”€â”€â”€â”€â”€â”€â”€â”€â”€â”€â”€â”€â”€â”€â”€â”€â”€â”€â”¼â”€â”€â”€â”€â”€â”€â”¼â”€â”€â”€â”€â”€â”€â”€â”€â”€â”€â”€â”€â”€â”¤
2026-01-28T14:09:15.883337Z	â”‚ pages/api/downloads/tier1.astro.mjs            â”‚ esm  â”‚ 0.06 KiB    â”‚
2026-01-28T14:09:15.883471Z	â”œâ”€â”€â”€â”€â”€â”€â”€â”€â”€â”€â”€â”€â”€â”€â”€â”€â”€â”€â”€â”€â”€â”€â”€â”€â”€â”€â”€â”€â”€â”€â”€â”€â”€â”€â”€â”€â”€â”€â”€â”€â”€â”€â”€â”€â”€â”€â”€â”€â”¼â”€â”€â”€â”€â”€â”€â”¼â”€â”€â”€â”€â”€â”€â”€â”€â”€â”€â”€â”€â”€â”¤
2026-01-28T14:09:15.883647Z	â”‚ pages/api/downloads/tier2.astro.mjs            â”‚ esm  â”‚ 0.06 KiB    â”‚
2026-01-28T14:09:15.8838Z	â”œâ”€â”€â”€â”€â”€â”€â”€â”€â”€â”€â”€â”€â”€â”€â”€â”€â”€â”€â”€â”€â”€â”€â”€â”€â”€â”€â”€â”€â”€â”€â”€â”€â”€â”€â”€â”€â”€â”€â”€â”€â”€â”€â”€â”€â”€â”€â”€â”€â”¼â”€â”€â”€â”€â”€â”€â”¼â”€â”€â”€â”€â”€â”€â”€â”€â”€â”€â”€â”€â”€â”¤
2026-01-28T14:09:15.884028Z	â”‚ pages/api/downloads/tier3.astro.mjs            â”‚ esm  â”‚ 0.06 KiB    â”‚
2026-01-28T14:09:15.884153Z	â”œâ”€â”€â”€â”€â”€â”€â”€â”€â”€â”€â”€â”€â”€â”€â”€â”€â”€â”€â”€â”€â”€â”€â”€â”€â”€â”€â”€â”€â”€â”€â”€â”€â”€â”€â”€â”€â”€â”€â”€â”€â”€â”€â”€â”€â”€â”€â”€â”€â”¼â”€â”€â”€â”€â”€â”€â”¼â”€â”€â”€â”€â”€â”€â”€â”€â”€â”€â”€â”€â”€â”¤
2026-01-28T14:09:15.884366Z	â”‚ pages/contact.astro.mjs                        â”‚ esm  â”‚ 0.06 KiB    â”‚
2026-01-28T14:09:15.884508Z	â”œâ”€â”€â”€â”€â”€â”€â”€â”€â”€â”€â”€â”€â”€â”€â”€â”€â”€â”€â”€â”€â”€â”€â”€â”€â”€â”€â”€â”€â”€â”€â”€â”€â”€â”€â”€â”€â”€â”€â”€â”€â”€â”€â”€â”€â”€â”€â”€â”€â”¼â”€â”€â”€â”€â”€â”€â”¼â”€â”€â”€â”€â”€â”€â”€â”€â”€â”€â”€â”€â”€â”¤
2026-01-28T14:09:15.884627Z	â”‚ pages/dataset.astro.mjs                        â”‚ esm  â”‚ 0.06 KiB    â”‚
2026-01-28T14:09:15.884735Z	â”œâ”€â”€â”€â”€â”€â”€â”€â”€â”€â”€â”€â”€â”€â”€â”€â”€â”€â”€â”€â”€â”€â”€â”€â”€â”€â”€â”€â”€â”€â”€â”€â”€â”€â”€â”€â”€â”€â”€â”€â”€â”€â”€â”€â”€â”€â”€â”€â”€â”¼â”€â”€â”€â”€â”€â”€â”¼â”€â”€â”€â”€â”€â”€â”€â”€â”€â”€â”€â”€â”€â”¤
2026-01-28T14:09:15.884872Z	â”‚ pages/downloads/tier1.astro.mjs                â”‚ esm  â”‚ 11.86 KiB   â”‚
2026-01-28T14:09:15.884978Z	â”œâ”€â”€â”€â”€â”€â”€â”€â”€â”€â”€â”€â”€â”€â”€â”€â”€â”€â”€â”€â”€â”€â”€â”€â”€â”€â”€â”€â”€â”€â”€â”€â”€â”€â”€â”€â”€â”€â”€â”€â”€â”€â”€â”€â”€â”€â”€â”€â”€â”¼â”€â”€â”€â”€â”€â”€â”¼â”€â”€â”€â”€â”€â”€â”€â”€â”€â”€â”€â”€â”€â”¤
2026-01-28T14:09:15.885076Z	â”‚ pages/downloads/tier2.astro.mjs                â”‚ esm  â”‚ 11.86 KiB   â”‚
2026-01-28T14:09:15.885192Z	â”œâ”€â”€â”€â”€â”€â”€â”€â”€â”€â”€â”€â”€â”€â”€â”€â”€â”€â”€â”€â”€â”€â”€â”€â”€â”€â”€â”€â”€â”€â”€â”€â”€â”€â”€â”€â”€â”€â”€â”€â”€â”€â”€â”€â”€â”€â”€â”€â”€â”¼â”€â”€â”€â”€â”€â”€â”¼â”€â”€â”€â”€â”€â”€â”€â”€â”€â”€â”€â”€â”€â”¤
2026-01-28T14:09:15.885338Z	â”‚ pages/downloads/tier3.astro.mjs                â”‚ esm  â”‚ 11.85 KiB   â”‚
2026-01-28T14:09:15.885499Z	â”œâ”€â”€â”€â”€â”€â”€â”€â”€â”€â”€â”€â”€â”€â”€â”€â”€â”€â”€â”€â”€â”€â”€â”€â”€â”€â”€â”€â”€â”€â”€â”€â”€â”€â”€â”€â”€â”€â”€â”€â”€â”€â”€â”€â”€â”€â”€â”€â”€â”¼â”€â”€â”€â”€â”€â”€â”¼â”€â”€â”€â”€â”€â”€â”€â”€â”€â”€â”€â”€â”€â”¤
2026-01-28T14:09:15.885654Z	â”‚ pages/index.astro.mjs                          â”‚ esm  â”‚ 0.06 KiB    â”‚
2026-01-28T14:09:15.885763Z	â”œâ”€â”€â”€â”€â”€â”€â”€â”€â”€â”€â”€â”€â”€â”€â”€â”€â”€â”€â”€â”€â”€â”€â”€â”€â”€â”€â”€â”€â”€â”€â”€â”€â”€â”€â”€â”€â”€â”€â”€â”€â”€â”€â”€â”€â”€â”€â”€â”€â”¼â”€â”€â”€â”€â”€â”€â”¼â”€â”€â”€â”€â”€â”€â”€â”€â”€â”€â”€â”€â”€â”¤
2026-01-28T14:09:15.885878Z	â”‚ pages/legal/disclaimer.astro.mjs               â”‚ esm  â”‚ 0.06 KiB    â”‚
2026-01-28T14:09:15.885974Z	â”œâ”€â”€â”€â”€â”€â”€â”€â”€â”€â”€â”€â”€â”€â”€â”€â”€â”€â”€â”€â”€â”€â”€â”€â”€â”€â”€â”€â”€â”€â”€â”€â”€â”€â”€â”€â”€â”€â”€â”€â”€â”€â”€â”€â”€â”€â”€â”€â”€â”¼â”€â”€â”€â”€â”€â”€â”¼â”€â”€â”€â”€â”€â”€â”€â”€â”€â”€â”€â”€â”€â”¤
2026-01-28T14:09:15.886069Z	â”‚ pages/legal/privacy.astro.mjs                  â”‚ esm  â”‚ 0.06 KiB    â”‚
2026-01-28T14:09:15.886163Z	â”œâ”€â”€â”€â”€â”€â”€â”€â”€â”€â”€â”€â”€â”€â”€â”€â”€â”€â”€â”€â”€â”€â”€â”€â”€â”€â”€â”€â”€â”€â”€â”€â”€â”€â”€â”€â”€â”€â”€â”€â”€â”€â”€â”€â”€â”€â”€â”€â”€â”¼â”€â”€â”€â”€â”€â”€â”¼â”€â”€â”€â”€â”€â”€â”€â”€â”€â”€â”€â”€â”€â”¤
2026-01-28T14:09:15.886313Z	â”‚ pages/legal/terms.astro.mjs                    â”‚ esm  â”‚ 0.06 KiB    â”‚
2026-01-28T14:09:15.886468Z	â”œâ”€â”€â”€â”€â”€â”€â”€â”€â”€â”€â”€â”€â”€â”€â”€â”€â”€â”€â”€â”€â”€â”€â”€â”€â”€â”€â”€â”€â”€â”€â”€â”€â”€â”€â”€â”€â”€â”€â”€â”€â”€â”€â”€â”€â”€â”€â”€â”€â”¼â”€â”€â”€â”€â”€â”€â”¼â”€â”€â”€â”€â”€â”€â”€â”€â”€â”€â”€â”€â”€â”¤
2026-01-28T14:09:15.886578Z	â”‚ pages/research.astro.mjs                       â”‚ esm  â”‚ 0.06 KiB    â”‚
2026-01-28T14:09:15.886681Z	â”œâ”€â”€â”€â”€â”€â”€â”€â”€â”€â”€â”€â”€â”€â”€â”€â”€â”€â”€â”€â”€â”€â”€â”€â”€â”€â”€â”€â”€â”€â”€â”€â”€â”€â”€â”€â”€â”€â”€â”€â”€â”€â”€â”€â”€â”€â”€â”€â”€â”¼â”€â”€â”€â”€â”€â”€â”¼â”€â”€â”€â”€â”€â”€â”€â”€â”€â”€â”€â”€â”€â”¤
2026-01-28T14:09:15.886767Z	â”‚ pages/updates/_slug_.astro.mjs                 â”‚ esm  â”‚ 0.06 KiB    â”‚
2026-01-28T14:09:15.886857Z	â”œâ”€â”€â”€â”€â”€â”€â”€â”€â”€â”€â”€â”€â”€â”€â”€â”€â”€â”€â”€â”€â”€â”€â”€â”€â”€â”€â”€â”€â”€â”€â”€â”€â”€â”€â”€â”€â”€â”€â”€â”€â”€â”€â”€â”€â”€â”€â”€â”€â”¼â”€â”€â”€â”€â”€â”€â”¼â”€â”€â”€â”€â”€â”€â”€â”€â”€â”€â”€â”€â”€â”¤
2026-01-28T14:09:15.886951Z	â”‚ pages/updates.astro.mjs                        â”‚ esm  â”‚ 0.06 KiB    â”‚
2026-01-28T14:09:15.887046Z	â”œâ”€â”€â”€â”€â”€â”€â”€â”€â”€â”€â”€â”€â”€â”€â”€â”€â”€â”€â”€â”€â”€â”€â”€â”€â”€â”€â”€â”€â”€â”€â”€â”€â”€â”€â”€â”€â”€â”€â”€â”€â”€â”€â”€â”€â”€â”€â”€â”€â”¼â”€â”€â”€â”€â”€â”€â”¼â”€â”€â”€â”€â”€â”€â”€â”€â”€â”€â”€â”€â”€â”¤
2026-01-28T14:09:15.887152Z	â”‚ renderers.mjs                                  â”‚ esm  â”‚ 0.10 KiB    â”‚
2026-01-28T14:09:15.887253Z	â”œâ”€â”€â”€â”€â”€â”€â”€â”€â”€â”€â”€â”€â”€â”€â”€â”€â”€â”€â”€â”€â”€â”€â”€â”€â”€â”€â”€â”€â”€â”€â”€â”€â”€â”€â”€â”€â”€â”€â”€â”€â”€â”€â”€â”€â”€â”€â”€â”€â”¼â”€â”€â”€â”€â”€â”€â”¼â”€â”€â”€â”€â”€â”€â”€â”€â”€â”€â”€â”€â”€â”¤
2026-01-28T14:09:15.887347Z	â”‚ Total (42 modules)                             â”‚      â”‚ 1015.70 KiB â”‚
2026-01-28T14:09:15.887471Z	â””â”€â”€â”€â”€â”€â”€â”€â”€â”€â”€â”€â”€â”€â”€â”€â”€â”€â”€â”€â”€â”€â”€â”€â”€â”€â”€â”€â”€â”€â”€â”€â”€â”€â”€â”€â”€â”€â”€â”€â”€â”€â”€â”€â”€â”€â”€â”€â”€â”´â”€â”€â”€â”€â”€â”€â”´â”€â”€â”€â”€â”€â”€â”€â”€â”€â”€â”€â”€â”€â”˜
2026-01-28T14:09:15.90775Z	âœ¨ Compiled Worker successfully
2026-01-28T14:09:17.000645Z	Found _routes.json in output directory. Uploading.
2026-01-28T14:09:17.013765Z	Validating asset output directory
2026-01-28T14:09:19.808297Z	Deploying your site to Cloudflare's global network...
2026-01-28T14:09:23.65643Z	Uploading... (65/65)
2026-01-28T14:09:23.657167Z	âœ¨ Success! Uploaded 0 files (65 already uploaded) (0.28 sec)
2026-01-28T14:09:23.657339Z	
2026-01-28T14:09:23.982555Z	âœ¨ Upload complete!
2026-01-28T14:09:28.071512Z	Success: Assets published!
2026-01-28T14:09:32.427802Z	Success: Your site was deployed!