2026-01-28T15:58:03.337498Z	Cloning repository...
2026-01-28T15:58:05.805926Z	From https://github.com/SiCkGFX/instrumetriq-site
2026-01-28T15:58:05.80653Z	 * branch            eb83d6ea69dbb99100f69b03868f7017120eac14 -> FETCH_HEAD
2026-01-28T15:58:05.806641Z	
2026-01-28T15:58:06.024567Z	HEAD is now at eb83d6e Add detailed logging to debug R2 binding access
2026-01-28T15:58:06.024983Z	
2026-01-28T15:58:06.095456Z	
2026-01-28T15:58:06.095823Z	Using v2 root directory strategy
2026-01-28T15:58:06.114396Z	Success: Finished cloning repository files
2026-01-28T15:58:07.739643Z	Checking for configuration in a Wrangler configuration file (BETA)
2026-01-28T15:58:07.74036Z	
2026-01-28T15:58:07.741107Z	Found wrangler.toml file. Reading build configuration...
2026-01-28T15:58:07.748864Z	pages_build_output_dir: dist
2026-01-28T15:58:07.749223Z	Build environment variables: (none found)
2026-01-28T15:58:08.853414Z	Successfully read wrangler.toml file.
2026-01-28T15:58:08.916274Z	Detected the following tools from environment: npm@10.9.2, nodejs@22.16.0, pip@25.1.1, python@3.13.3
2026-01-28T15:58:08.916842Z	Installing project dependencies: npm clean-install --progress=false
2026-01-28T15:58:19.090948Z	
2026-01-28T15:58:19.091198Z	added 453 packages, and audited 454 packages in 10s
2026-01-28T15:58:19.091892Z	
2026-01-28T15:58:19.092017Z	164 packages are looking for funding
2026-01-28T15:58:19.092355Z	  run `npm fund` for details
2026-01-28T15:58:19.148512Z	
2026-01-28T15:58:19.148673Z	4 vulnerabilities (2 moderate, 2 high)
2026-01-28T15:58:19.14874Z	
2026-01-28T15:58:19.148818Z	To address all issues (including breaking changes), run:
2026-01-28T15:58:19.148923Z	  npm audit fix --force
2026-01-28T15:58:19.149064Z	
2026-01-28T15:58:19.149199Z	Run `npm audit` for details.
2026-01-28T15:58:19.176456Z	Installing project dependencies: pip install -r requirements.txt
2026-01-28T15:58:20.730301Z	Collecting boto3>=1.35.0 (from -r requirements.txt (line 9))
2026-01-28T15:58:20.768183Z	  Downloading boto3-1.42.36-py3-none-any.whl.metadata (6.8 kB)
2026-01-28T15:58:20.867326Z	Collecting pyarrow>=18.0.0 (from -r requirements.txt (line 10))
2026-01-28T15:58:20.87722Z	  Downloading pyarrow-23.0.0-cp313-cp313-manylinux_2_28_x86_64.whl.metadata (3.0 kB)
2026-01-28T15:58:21.267412Z	Collecting botocore<1.43.0,>=1.42.36 (from boto3>=1.35.0->-r requirements.txt (line 9))
2026-01-28T15:58:21.277611Z	  Downloading botocore-1.42.36-py3-none-any.whl.metadata (5.9 kB)
2026-01-28T15:58:21.298485Z	Collecting jmespath<2.0.0,>=0.7.1 (from boto3>=1.35.0->-r requirements.txt (line 9))
2026-01-28T15:58:21.308297Z	  Downloading jmespath-1.1.0-py3-none-any.whl.metadata (7.6 kB)
2026-01-28T15:58:21.335362Z	Collecting s3transfer<0.17.0,>=0.16.0 (from boto3>=1.35.0->-r requirements.txt (line 9))
2026-01-28T15:58:21.344791Z	  Downloading s3transfer-0.16.0-py3-none-any.whl.metadata (1.7 kB)
2026-01-28T15:58:21.369506Z	Collecting python-dateutil<3.0.0,>=2.1 (from botocore<1.43.0,>=1.42.36->boto3>=1.35.0->-r requirements.txt (line 9))
2026-01-28T15:58:21.379202Z	  Downloading python_dateutil-2.9.0.post0-py2.py3-none-any.whl.metadata (8.4 kB)
2026-01-28T15:58:21.422205Z	Collecting urllib3!=2.2.0,<3,>=1.25.4 (from botocore<1.43.0,>=1.42.36->boto3>=1.35.0->-r requirements.txt (line 9))
2026-01-28T15:58:21.432103Z	  Downloading urllib3-2.6.3-py3-none-any.whl.metadata (6.9 kB)
2026-01-28T15:58:21.455927Z	Collecting six>=1.5 (from python-dateutil<3.0.0,>=2.1->botocore<1.43.0,>=1.42.36->boto3>=1.35.0->-r requirements.txt (line 9))
2026-01-28T15:58:21.465571Z	  Downloading six-1.17.0-py2.py3-none-any.whl.metadata (1.7 kB)
2026-01-28T15:58:21.726419Z	Downloading boto3-1.42.36-py3-none-any.whl (140 kB)
2026-01-28T15:58:21.750806Z	Downloading botocore-1.42.36-py3-none-any.whl (14.6 MB)
2026-01-28T15:58:21.830332Z	   â”â”â”â”â”â”â”â”â”â”â”â”â”â”â”â”â”â”â”â”â”â”â”â”â”â”â”â”â”â”â”â”â”â”â”â”â”â”â”â” 14.6/14.6 MB 206.4 MB/s eta 0:00:00
2026-01-28T15:58:21.84025Z	Downloading jmespath-1.1.0-py3-none-any.whl (20 kB)
2026-01-28T15:58:21.850853Z	Downloading python_dateutil-2.9.0.post0-py2.py3-none-any.whl (229 kB)
2026-01-28T15:58:21.86149Z	Downloading s3transfer-0.16.0-py3-none-any.whl (86 kB)
2026-01-28T15:58:21.872692Z	Downloading urllib3-2.6.3-py3-none-any.whl (131 kB)
2026-01-28T15:58:21.884439Z	Downloading pyarrow-23.0.0-cp313-cp313-manylinux_2_28_x86_64.whl (47.6 MB)
2026-01-28T15:58:22.106882Z	   â”â”â”â”â”â”â”â”â”â”â”â”â”â”â”â”â”â”â”â”â”â”â”â”â”â”â”â”â”â”â”â”â”â”â”â”â”â”â”â” 47.6/47.6 MB 216.7 MB/s eta 0:00:00
2026-01-28T15:58:22.116582Z	Downloading six-1.17.0-py2.py3-none-any.whl (11 kB)
2026-01-28T15:58:22.240276Z	Installing collected packages: urllib3, six, pyarrow, jmespath, python-dateutil, botocore, s3transfer, boto3
2026-01-28T15:58:24.57911Z	
2026-01-28T15:58:24.581342Z	Successfully installed boto3-1.42.36 botocore-1.42.36 jmespath-1.1.0 pyarrow-23.0.0 python-dateutil-2.9.0.post0 s3transfer-0.16.0 six-1.17.0 urllib3-2.6.3
2026-01-28T15:58:24.656748Z	
2026-01-28T15:58:24.656946Z	[notice] A new release of pip is available: 25.1.1 -> 25.3
2026-01-28T15:58:24.657095Z	[notice] To update, run: pip3 install --upgrade pip
2026-01-28T15:58:24.761218Z	Reshimming asdf python...
2026-01-28T15:58:28.529302Z	Executing user command: npm run build
2026-01-28T15:58:28.905087Z	
2026-01-28T15:58:28.905643Z	> instrumetriq@0.0.1 build
2026-01-28T15:58:28.90583Z	> npm run lint:wording && bash -c 'source ~/.r2_credentials 2>/dev/null || true; astro build'
2026-01-28T15:58:28.905955Z	
2026-01-28T15:58:29.073095Z	
2026-01-28T15:58:29.073401Z	> instrumetriq@0.0.1 lint:wording
2026-01-28T15:58:29.073538Z	> node scripts/lint_wording.mjs
2026-01-28T15:58:29.073654Z	
2026-01-28T15:58:29.134273Z	lint:wording passed
2026-01-28T15:58:30.884191Z	[2m15:58:30[22m [34m[@astrojs/cloudflare][39m Enabling sessions with Cloudflare KV with the "SESSION" KV binding.
2026-01-28T15:58:30.884422Z	[2m15:58:30[22m [34m[@astrojs/cloudflare][39m If you see the error "Invalid binding `SESSION`" in your build output, you need to add the binding to your wrangler config file.
2026-01-28T15:58:31.285728Z	[2m15:58:31[22m [34m[content][39m Syncing content
2026-01-28T15:58:32.022392Z	[2m15:58:32[22m [34m[content][39m Synced content
2026-01-28T15:58:32.023086Z	[2m15:58:32[22m [34m[types][39m Generated [2m1.12s[22m
2026-01-28T15:58:32.023456Z	[2m15:58:32[22m [34m[build][39m output: [34m"static"[39m
2026-01-28T15:58:32.023576Z	[2m15:58:32[22m [34m[build][39m mode: [34m"server"[39m
2026-01-28T15:58:32.023691Z	[2m15:58:32[22m [34m[build][39m directory: [34m/opt/buildhome/repo/dist/[39m
2026-01-28T15:58:32.023795Z	[2m15:58:32[22m [34m[build][39m adapter: [32m@astrojs/cloudflare[39m
2026-01-28T15:58:32.02389Z	[2m15:58:32[22m [34m[build][39m Collecting build info...
2026-01-28T15:58:32.024257Z	[2m15:58:32[22m [34m[build][39m [32mâœ“ Completed in 1.14s.[39m
2026-01-28T15:58:32.025335Z	[2m15:58:32[22m [34m[build][39m Building server entrypoints...
2026-01-28T15:58:33.029704Z	[33m[1m15:58:33[22m [WARN] [vite][39m [33m[plugin vite:resolve] Automatically externalized node built-in module "node:fs" imported from "src/pages/updates/index.astro". Consider adding it to environments.ssr.external if it is intended.[39m
2026-01-28T15:58:33.03026Z	[33m[1m15:58:33[22m [WARN] [vite][39m [33m[plugin vite:resolve] Automatically externalized node built-in module "node:path" imported from "src/pages/updates/index.astro". Consider adding it to environments.ssr.external if it is intended.[39m
2026-01-28T15:58:33.036775Z	[33m[1m15:58:33[22m [WARN] [vite][39m [33m[plugin vite:resolve] Automatically externalized node built-in module "node:fs" imported from "src/pages/access/index.astro". Consider adding it to environments.ssr.external if it is intended.[39m
2026-01-28T15:58:33.036972Z	[33m[1m15:58:33[22m [WARN] [vite][39m [33m[plugin vite:resolve] Automatically externalized node built-in module "node:path" imported from "src/pages/access/index.astro". Consider adding it to environments.ssr.external if it is intended.[39m
2026-01-28T15:58:33.038843Z	[33m[1m15:58:33[22m [WARN] [vite][39m [33m[plugin vite:resolve] Automatically externalized node built-in module "node:fs" imported from "src/pages/dataset.astro". Consider adding it to environments.ssr.external if it is intended.[39m
2026-01-28T15:58:33.039032Z	[33m[1m15:58:33[22m [WARN] [vite][39m [33m[plugin vite:resolve] Automatically externalized node built-in module "node:path" imported from "src/pages/dataset.astro". Consider adding it to environments.ssr.external if it is intended.[39m
2026-01-28T15:58:33.209736Z	[33m[1m15:58:33[22m [WARN] [vite][39m [33m[plugin vite:resolve] Automatically externalized node built-in module "node:fs" imported from "src/lib/artifactsData.ts". Consider adding it to environments.ssr.external if it is intended.[39m
2026-01-28T15:58:33.209948Z	[33m[1m15:58:33[22m [WARN] [vite][39m [33m[plugin vite:resolve] Automatically externalized node built-in module "node:path" imported from "src/lib/artifactsData.ts". Consider adding it to environments.ssr.external if it is intended.[39m
2026-01-28T15:58:34.883779Z	[2m15:58:34[22m [34m[vite][39m [32mâœ“ built in 2.83s[39m
2026-01-28T15:58:34.88404Z	[2m15:58:34[22m [34m[build][39m [32mâœ“ Completed in 2.86s.[39m
2026-01-28T15:58:34.884653Z	
2026-01-28T15:58:34.884825Z	[42m[30m building client (vite) [39m[49m
2026-01-28T15:58:34.905338Z	[2m15:58:34[22m [34m[vite][39m transforming...
2026-01-28T15:58:34.926886Z	[2m15:58:34[22m [34m[vite][39m [32mâœ“[39m 2 modules transformed.
2026-01-28T15:58:34.951394Z	[2m15:58:34[22m [34m[vite][39m rendering chunks...
2026-01-28T15:58:34.952764Z	[2m15:58:34[22m [34m[vite][39m computing gzip size...
2026-01-28T15:58:34.954426Z	[2m15:58:34[22m [34m[vite][39m [2mdist/[22m[2m_astro/[22m[36mresearch.astro_astro_type_script_index_0_lang.CBbrCgIe.js  [39m[1m[2m14.27 kB[22m[1m[22m[2m â”‚ gzip: 4.61 kB[22m
2026-01-28T15:58:34.954881Z	[2m15:58:34[22m [34m[vite][39m [32mâœ“ built in 67ms[39m
2026-01-28T15:58:34.971511Z	
2026-01-28T15:58:34.971904Z	[42m[30m prerendering static routes [39m[49m
2026-01-28T15:58:34.976387Z	[2m15:58:34[22m [32mâ–¶[39m src/pages/access/[tier].astro
2026-01-28T15:58:34.995634Z	[2m15:58:34[22m   [34mâ”œâ”€[39m [2m/access/tier1/index.html[22m [2m(+13ms)[22m 
2026-01-28T15:58:34.997922Z	[2m15:58:34[22m   [34mâ”œâ”€[39m [2m/access/tier3/index.html[22m [2m(+2ms)[22m 
2026-01-28T15:58:34.999947Z	[2m15:58:34[22m   [34mâ””â”€[39m [2m/access/tier2/index.html[22m [2m(+2ms)[22m 
2026-01-28T15:58:35.001781Z	[2m15:58:35[22m [32mâ–¶[39m src/pages/access/index.astro
2026-01-28T15:58:35.005864Z	[2m15:58:35[22m   [34mâ””â”€[39m [2m/access/index.html[22m [2m(+4ms)[22m 
2026-01-28T15:58:35.019135Z	[2m15:58:35[22m [35mÎ»[39m src/pages/api/download.ts
2026-01-28T15:58:35.019598Z	[2m15:58:35[22m   [34mâ””â”€[39m [2m/api/download[22m[33m[1m15:58:35[22m [WARN] [router][39m No API Route handler exists for the method "GET" for the route "/api/download".
2026-01-28T15:58:35.019975Z	Found handlers: "POST"
2026-01-28T15:58:35.020105Z	
2026-01-28T15:58:35.020294Z	 [2m(+1ms)[22m [33m(file not created, response body was empty)[39m
2026-01-28T15:58:35.020972Z	[2m15:58:35[22m [32mâ–¶[39m src/pages/contact.astro
2026-01-28T15:58:35.022503Z	[2m15:58:35[22m   [34mâ””â”€[39m [2m/contact/index.html[22m [2m(+1ms)[22m 
2026-01-28T15:58:35.023478Z	[2m15:58:35[22m [32mâ–¶[39m src/pages/legal/disclaimer.astro
2026-01-28T15:58:35.025129Z	[2m15:58:35[22m   [34mâ””â”€[39m [2m/legal/disclaimer/index.html[22m [2m(+2ms)[22m 
2026-01-28T15:58:35.02636Z	[2m15:58:35[22m [32mâ–¶[39m src/pages/legal/privacy.astro
2026-01-28T15:58:35.027907Z	[2m15:58:35[22m   [34mâ””â”€[39m [2m/legal/privacy/index.html[22m [2m(+1ms)[22m 
2026-01-28T15:58:35.02883Z	[2m15:58:35[22m [32mâ–¶[39m src/pages/legal/terms.astro
2026-01-28T15:58:35.030882Z	[2m15:58:35[22m   [34mâ””â”€[39m [2m/legal/terms/index.html[22m [2m(+2ms)[22m 
2026-01-28T15:58:35.031981Z	[2m15:58:35[22m [32mâ–¶[39m src/pages/research.astro
2026-01-28T15:58:35.034264Z	[2m15:58:35[22m   [34mâ””â”€[39m [2m/research/index.html[22m [2m(+2ms)[22m 
2026-01-28T15:58:35.035429Z	[2m15:58:35[22m [32mâ–¶[39m src/pages/updates/[slug].astro
2026-01-28T15:58:35.038738Z	[2m15:58:35[22m   [34mâ”œâ”€[39m [2m/updates/2025-12-20/index.html[22m [2m(+2ms)[22m 
2026-01-28T15:58:35.040058Z	[2m15:58:35[22m   [34mâ”œâ”€[39m [2m/updates/2025-12-19/index.html[22m [2m(+1ms)[22m 
2026-01-28T15:58:35.041288Z	[2m15:58:35[22m   [34mâ”œâ”€[39m [2m/updates/2026-01-25/index.html[22m [2m(+1ms)[22m 
2026-01-28T15:58:35.042469Z	[2m15:58:35[22m   [34mâ”œâ”€[39m [2m/updates/2026-01-26/index.html[22m [2m(+1ms)[22m 
2026-01-28T15:58:35.043684Z	[2m15:58:35[22m   [34mâ”œâ”€[39m [2m/updates/2026-01-27-archive-cleanup/index.html[22m [2m(+1ms)[22m 
2026-01-28T15:58:35.044777Z	[2m15:58:35[22m   [34mâ”œâ”€[39m [2m/updates/2026-01-27/index.html[22m [2m(+1ms)[22m 
2026-01-28T15:58:35.045891Z	[2m15:58:35[22m   [34mâ””â”€[39m [2m/updates/welcome/index.html[22m [2m(+1ms)[22m 
2026-01-28T15:58:35.047236Z	[2m15:58:35[22m [32mâ–¶[39m src/pages/updates/index.astro
2026-01-28T15:58:35.04942Z	[2m15:58:35[22m   [34mâ””â”€[39m [2m/updates/index.html[22m [2m(+2ms)[22m 
2026-01-28T15:58:35.050324Z	[2m15:58:35[22m [32mâ–¶[39m src/pages/index.astro
2026-01-28T15:58:35.051494Z	[2m15:58:35[22m   [34mâ””â”€[39m [2m/index.html[22m [2m(+1ms)[22m 
2026-01-28T15:58:35.053105Z	[2m15:58:35[22m [32mâ–¶[39m src/pages/dataset.astro
2026-01-28T15:58:35.055727Z	[2m15:58:35[22m   [34mâ””â”€[39m [2m/dataset/index.html[22m [2m(+3ms)[22m 
2026-01-28T15:58:35.055902Z	[2m15:58:35[22m [32mâœ“ Completed in 96ms.
2026-01-28T15:58:35.056049Z	[39m
2026-01-28T15:58:35.057162Z	[2m15:58:35[22m [34m[build][39m Rearranging server assets...
2026-01-28T15:58:35.062422Z	[2m15:58:35[22m [34m[build][39m Server built in [1m4.18s[22m
2026-01-28T15:58:35.062647Z	[2m15:58:35[22m [34m[build][39m [1mComplete![22m
2026-01-28T15:58:35.102355Z	Finished
2026-01-28T15:58:35.943295Z	Checking for configuration in a Wrangler configuration file (BETA)
2026-01-28T15:58:35.943769Z	
2026-01-28T15:58:35.944204Z	Found wrangler.toml file. Reading build configuration...
2026-01-28T15:58:35.949196Z	pages_build_output_dir: dist
2026-01-28T15:58:35.949381Z	Build environment variables: (none found)
2026-01-28T15:58:37.05719Z	Successfully read wrangler.toml file.
2026-01-28T15:58:37.057964Z	Found _worker.js in output directory. Uploading.
2026-01-28T15:58:37.065187Z	 â›…ï¸ wrangler 3.101.0
2026-01-28T15:58:37.065401Z	-------------------
2026-01-28T15:58:37.88199Z	Attaching additional modules:
2026-01-28T15:58:37.894164Z	â”Œâ”€â”€â”€â”€â”€â”€â”€â”€â”€â”€â”€â”€â”€â”€â”€â”€â”€â”€â”€â”€â”€â”€â”€â”€â”€â”€â”€â”€â”€â”€â”€â”€â”€â”€â”€â”€â”€â”€â”€â”€â”€â”€â”€â”€â”€â”€â”€â”€â”¬â”€â”€â”€â”€â”€â”€â”¬â”€â”€â”€â”€â”€â”€â”€â”€â”€â”€â”€â”€â”€â”
2026-01-28T15:58:37.89437Z	â”‚ Name                                           â”‚ Type â”‚ Size        â”‚
2026-01-28T15:58:37.894531Z	â”œâ”€â”€â”€â”€â”€â”€â”€â”€â”€â”€â”€â”€â”€â”€â”€â”€â”€â”€â”€â”€â”€â”€â”€â”€â”€â”€â”€â”€â”€â”€â”€â”€â”€â”€â”€â”€â”€â”€â”€â”€â”€â”€â”€â”€â”€â”€â”€â”€â”¼â”€â”€â”€â”€â”€â”€â”¼â”€â”€â”€â”€â”€â”€â”€â”€â”€â”€â”€â”€â”€â”¤
2026-01-28T15:58:37.894632Z	â”‚ _@astrojs-ssr-adapter.mjs                      â”‚ esm  â”‚ 0.14 KiB    â”‚
2026-01-28T15:58:37.894803Z	â”œâ”€â”€â”€â”€â”€â”€â”€â”€â”€â”€â”€â”€â”€â”€â”€â”€â”€â”€â”€â”€â”€â”€â”€â”€â”€â”€â”€â”€â”€â”€â”€â”€â”€â”€â”€â”€â”€â”€â”€â”€â”€â”€â”€â”€â”€â”€â”€â”€â”¼â”€â”€â”€â”€â”€â”€â”¼â”€â”€â”€â”€â”€â”€â”€â”€â”€â”€â”€â”€â”€â”¤
2026-01-28T15:58:37.89493Z	â”‚ _astro-internal_middleware.mjs                 â”‚ esm  â”‚ 0.45 KiB    â”‚
2026-01-28T15:58:37.895108Z	â”œâ”€â”€â”€â”€â”€â”€â”€â”€â”€â”€â”€â”€â”€â”€â”€â”€â”€â”€â”€â”€â”€â”€â”€â”€â”€â”€â”€â”€â”€â”€â”€â”€â”€â”€â”€â”€â”€â”€â”€â”€â”€â”€â”€â”€â”€â”€â”€â”€â”¼â”€â”€â”€â”€â”€â”€â”¼â”€â”€â”€â”€â”€â”€â”€â”€â”€â”€â”€â”€â”€â”¤
2026-01-28T15:58:37.895195Z	â”‚ chunks/BaseLayout_D2YSPTt3.mjs                 â”‚ esm  â”‚ 3.44 KiB    â”‚
2026-01-28T15:58:37.895263Z	â”œâ”€â”€â”€â”€â”€â”€â”€â”€â”€â”€â”€â”€â”€â”€â”€â”€â”€â”€â”€â”€â”€â”€â”€â”€â”€â”€â”€â”€â”€â”€â”€â”€â”€â”€â”€â”€â”€â”€â”€â”€â”€â”€â”€â”€â”€â”€â”€â”€â”¼â”€â”€â”€â”€â”€â”€â”¼â”€â”€â”€â”€â”€â”€â”€â”€â”€â”€â”€â”€â”€â”¤
2026-01-28T15:58:37.895326Z	â”‚ chunks/_@astrojs-ssr-adapter_CnrzK3pE.mjs      â”‚ esm  â”‚ 38.62 KiB   â”‚
2026-01-28T15:58:37.89543Z	â”œâ”€â”€â”€â”€â”€â”€â”€â”€â”€â”€â”€â”€â”€â”€â”€â”€â”€â”€â”€â”€â”€â”€â”€â”€â”€â”€â”€â”€â”€â”€â”€â”€â”€â”€â”€â”€â”€â”€â”€â”€â”€â”€â”€â”€â”€â”€â”€â”€â”¼â”€â”€â”€â”€â”€â”€â”¼â”€â”€â”€â”€â”€â”€â”€â”€â”€â”€â”€â”€â”€â”¤
2026-01-28T15:58:37.895576Z	â”‚ chunks/_astro_assets_BrLT3JpU.mjs              â”‚ esm  â”‚ 59.18 KiB   â”‚
2026-01-28T15:58:37.895714Z	â”œâ”€â”€â”€â”€â”€â”€â”€â”€â”€â”€â”€â”€â”€â”€â”€â”€â”€â”€â”€â”€â”€â”€â”€â”€â”€â”€â”€â”€â”€â”€â”€â”€â”€â”€â”€â”€â”€â”€â”€â”€â”€â”€â”€â”€â”€â”€â”€â”€â”¼â”€â”€â”€â”€â”€â”€â”¼â”€â”€â”€â”€â”€â”€â”€â”€â”€â”€â”€â”€â”€â”¤
2026-01-28T15:58:37.895888Z	â”‚ chunks/_astro_data-layer-content_DiwQ8sE4.mjs  â”‚ esm  â”‚ 0.06 KiB    â”‚
2026-01-28T15:58:37.895995Z	â”œâ”€â”€â”€â”€â”€â”€â”€â”€â”€â”€â”€â”€â”€â”€â”€â”€â”€â”€â”€â”€â”€â”€â”€â”€â”€â”€â”€â”€â”€â”€â”€â”€â”€â”€â”€â”€â”€â”€â”€â”€â”€â”€â”€â”€â”€â”€â”€â”€â”¼â”€â”€â”€â”€â”€â”€â”¼â”€â”€â”€â”€â”€â”€â”€â”€â”€â”€â”€â”€â”€â”¤
2026-01-28T15:58:37.896081Z	â”‚ chunks/astro/server_kL-wttGT.mjs               â”‚ esm  â”‚ 246.26 KiB  â”‚
2026-01-28T15:58:37.896162Z	â”œâ”€â”€â”€â”€â”€â”€â”€â”€â”€â”€â”€â”€â”€â”€â”€â”€â”€â”€â”€â”€â”€â”€â”€â”€â”€â”€â”€â”€â”€â”€â”€â”€â”€â”€â”€â”€â”€â”€â”€â”€â”€â”€â”€â”€â”€â”€â”€â”€â”¼â”€â”€â”€â”€â”€â”€â”¼â”€â”€â”€â”€â”€â”€â”€â”€â”€â”€â”€â”€â”€â”¤
2026-01-28T15:58:37.89622Z	â”‚ chunks/astro-designed-error-pages_DN4vjhch.mjs â”‚ esm  â”‚ 32.59 KiB   â”‚
2026-01-28T15:58:37.896348Z	â”œâ”€â”€â”€â”€â”€â”€â”€â”€â”€â”€â”€â”€â”€â”€â”€â”€â”€â”€â”€â”€â”€â”€â”€â”€â”€â”€â”€â”€â”€â”€â”€â”€â”€â”€â”€â”€â”€â”€â”€â”€â”€â”€â”€â”€â”€â”€â”€â”€â”¼â”€â”€â”€â”€â”€â”€â”¼â”€â”€â”€â”€â”€â”€â”€â”€â”€â”€â”€â”€â”€â”¤
2026-01-28T15:58:37.896409Z	â”‚ chunks/cloudflare-kv-binding_DMly_2Gl.mjs      â”‚ esm  â”‚ 2.94 KiB    â”‚
2026-01-28T15:58:37.896469Z	â”œâ”€â”€â”€â”€â”€â”€â”€â”€â”€â”€â”€â”€â”€â”€â”€â”€â”€â”€â”€â”€â”€â”€â”€â”€â”€â”€â”€â”€â”€â”€â”€â”€â”€â”€â”€â”€â”€â”€â”€â”€â”€â”€â”€â”€â”€â”€â”€â”€â”¼â”€â”€â”€â”€â”€â”€â”¼â”€â”€â”€â”€â”€â”€â”€â”€â”€â”€â”€â”€â”€â”¤
2026-01-28T15:58:37.896526Z	â”‚ chunks/consts_Q4AsXsmN.mjs                     â”‚ esm  â”‚ 0.54 KiB    â”‚
2026-01-28T15:58:37.896581Z	â”œâ”€â”€â”€â”€â”€â”€â”€â”€â”€â”€â”€â”€â”€â”€â”€â”€â”€â”€â”€â”€â”€â”€â”€â”€â”€â”€â”€â”€â”€â”€â”€â”€â”€â”€â”€â”€â”€â”€â”€â”€â”€â”€â”€â”€â”€â”€â”€â”€â”¼â”€â”€â”€â”€â”€â”€â”¼â”€â”€â”€â”€â”€â”€â”€â”€â”€â”€â”€â”€â”€â”¤
2026-01-28T15:58:37.896636Z	â”‚ chunks/content-assets_XqCgPAV2.mjs             â”‚ esm  â”‚ 0.06 KiB    â”‚
2026-01-28T15:58:37.896696Z	â”œâ”€â”€â”€â”€â”€â”€â”€â”€â”€â”€â”€â”€â”€â”€â”€â”€â”€â”€â”€â”€â”€â”€â”€â”€â”€â”€â”€â”€â”€â”€â”€â”€â”€â”€â”€â”€â”€â”€â”€â”€â”€â”€â”€â”€â”€â”€â”€â”€â”¼â”€â”€â”€â”€â”€â”€â”¼â”€â”€â”€â”€â”€â”€â”€â”€â”€â”€â”€â”€â”€â”¤
2026-01-28T15:58:37.896769Z	â”‚ chunks/content-modules_Bvq7llv8.mjs            â”‚ esm  â”‚ 0.06 KiB    â”‚
2026-01-28T15:58:37.896828Z	â”œâ”€â”€â”€â”€â”€â”€â”€â”€â”€â”€â”€â”€â”€â”€â”€â”€â”€â”€â”€â”€â”€â”€â”€â”€â”€â”€â”€â”€â”€â”€â”€â”€â”€â”€â”€â”€â”€â”€â”€â”€â”€â”€â”€â”€â”€â”€â”€â”€â”¼â”€â”€â”€â”€â”€â”€â”¼â”€â”€â”€â”€â”€â”€â”€â”€â”€â”€â”€â”€â”€â”¤
2026-01-28T15:58:37.896957Z	â”‚ chunks/index_BjVJa_jD.mjs                      â”‚ esm  â”‚ 413.95 KiB  â”‚
2026-01-28T15:58:37.897232Z	â”œâ”€â”€â”€â”€â”€â”€â”€â”€â”€â”€â”€â”€â”€â”€â”€â”€â”€â”€â”€â”€â”€â”€â”€â”€â”€â”€â”€â”€â”€â”€â”€â”€â”€â”€â”€â”€â”€â”€â”€â”€â”€â”€â”€â”€â”€â”€â”€â”€â”¼â”€â”€â”€â”€â”€â”€â”¼â”€â”€â”€â”€â”€â”€â”€â”€â”€â”€â”€â”€â”€â”¤
2026-01-28T15:58:37.897425Z	â”‚ chunks/index_CC4pMMAC.mjs                      â”‚ esm  â”‚ 117.52 KiB  â”‚
2026-01-28T15:58:37.898158Z	â”œâ”€â”€â”€â”€â”€â”€â”€â”€â”€â”€â”€â”€â”€â”€â”€â”€â”€â”€â”€â”€â”€â”€â”€â”€â”€â”€â”€â”€â”€â”€â”€â”€â”€â”€â”€â”€â”€â”€â”€â”€â”€â”€â”€â”€â”€â”€â”€â”€â”¼â”€â”€â”€â”€â”€â”€â”¼â”€â”€â”€â”€â”€â”€â”€â”€â”€â”€â”€â”€â”€â”¤
2026-01-28T15:58:37.898693Z	â”‚ chunks/index_DkQ6HSgp.mjs                      â”‚ esm  â”‚ 10.84 KiB   â”‚
2026-01-28T15:58:37.899005Z	â”œâ”€â”€â”€â”€â”€â”€â”€â”€â”€â”€â”€â”€â”€â”€â”€â”€â”€â”€â”€â”€â”€â”€â”€â”€â”€â”€â”€â”€â”€â”€â”€â”€â”€â”€â”€â”€â”€â”€â”€â”€â”€â”€â”€â”€â”€â”€â”€â”€â”¼â”€â”€â”€â”€â”€â”€â”¼â”€â”€â”€â”€â”€â”€â”€â”€â”€â”€â”€â”€â”€â”¤
2026-01-28T15:58:37.899164Z	â”‚ chunks/noop-middleware_DLdYMEst.mjs            â”‚ esm  â”‚ 0.33 KiB    â”‚
2026-01-28T15:58:37.899279Z	â”œâ”€â”€â”€â”€â”€â”€â”€â”€â”€â”€â”€â”€â”€â”€â”€â”€â”€â”€â”€â”€â”€â”€â”€â”€â”€â”€â”€â”€â”€â”€â”€â”€â”€â”€â”€â”€â”€â”€â”€â”€â”€â”€â”€â”€â”€â”€â”€â”€â”¼â”€â”€â”€â”€â”€â”€â”¼â”€â”€â”€â”€â”€â”€â”€â”€â”€â”€â”€â”€â”€â”¤
2026-01-28T15:58:37.89939Z	â”‚ chunks/noop_DNxeOBuW.mjs                       â”‚ esm  â”‚ 0.67 KiB    â”‚
2026-01-28T15:58:37.899507Z	â”œâ”€â”€â”€â”€â”€â”€â”€â”€â”€â”€â”€â”€â”€â”€â”€â”€â”€â”€â”€â”€â”€â”€â”€â”€â”€â”€â”€â”€â”€â”€â”€â”€â”€â”€â”€â”€â”€â”€â”€â”€â”€â”€â”€â”€â”€â”€â”€â”€â”¼â”€â”€â”€â”€â”€â”€â”¼â”€â”€â”€â”€â”€â”€â”€â”€â”€â”€â”€â”€â”€â”¤
2026-01-28T15:58:37.899617Z	â”‚ chunks/parse_DGrrK2jG.mjs                      â”‚ esm  â”‚ 8.70 KiB    â”‚
2026-01-28T15:58:37.899721Z	â”œâ”€â”€â”€â”€â”€â”€â”€â”€â”€â”€â”€â”€â”€â”€â”€â”€â”€â”€â”€â”€â”€â”€â”€â”€â”€â”€â”€â”€â”€â”€â”€â”€â”€â”€â”€â”€â”€â”€â”€â”€â”€â”€â”€â”€â”€â”€â”€â”€â”¼â”€â”€â”€â”€â”€â”€â”¼â”€â”€â”€â”€â”€â”€â”€â”€â”€â”€â”€â”€â”€â”¤
2026-01-28T15:58:37.89985Z	â”‚ chunks/path_BgNISshD.mjs                       â”‚ esm  â”‚ 3.17 KiB    â”‚
2026-01-28T15:58:37.89996Z	â”œâ”€â”€â”€â”€â”€â”€â”€â”€â”€â”€â”€â”€â”€â”€â”€â”€â”€â”€â”€â”€â”€â”€â”€â”€â”€â”€â”€â”€â”€â”€â”€â”€â”€â”€â”€â”€â”€â”€â”€â”€â”€â”€â”€â”€â”€â”€â”€â”€â”¼â”€â”€â”€â”€â”€â”€â”¼â”€â”€â”€â”€â”€â”€â”€â”€â”€â”€â”€â”€â”€â”¤
2026-01-28T15:58:37.900064Z	â”‚ chunks/remote_CrdlObHx.mjs                     â”‚ esm  â”‚ 2.21 KiB    â”‚
2026-01-28T15:58:37.900188Z	â”œâ”€â”€â”€â”€â”€â”€â”€â”€â”€â”€â”€â”€â”€â”€â”€â”€â”€â”€â”€â”€â”€â”€â”€â”€â”€â”€â”€â”€â”€â”€â”€â”€â”€â”€â”€â”€â”€â”€â”€â”€â”€â”€â”€â”€â”€â”€â”€â”€â”¼â”€â”€â”€â”€â”€â”€â”¼â”€â”€â”€â”€â”€â”€â”€â”€â”€â”€â”€â”€â”€â”¤
2026-01-28T15:58:37.900302Z	â”‚ chunks/signedUrlGenerator_BTjXsV_8.mjs         â”‚ esm  â”‚ 7.88 KiB    â”‚
2026-01-28T15:58:37.900404Z	â”œâ”€â”€â”€â”€â”€â”€â”€â”€â”€â”€â”€â”€â”€â”€â”€â”€â”€â”€â”€â”€â”€â”€â”€â”€â”€â”€â”€â”€â”€â”€â”€â”€â”€â”€â”€â”€â”€â”€â”€â”€â”€â”€â”€â”€â”€â”€â”€â”€â”¼â”€â”€â”€â”€â”€â”€â”¼â”€â”€â”€â”€â”€â”€â”€â”€â”€â”€â”€â”€â”€â”¤
2026-01-28T15:58:37.900508Z	â”‚ chunks/tokenValidator_BJlerG20.mjs             â”‚ esm  â”‚ 4.24 KiB    â”‚
2026-01-28T15:58:37.900621Z	â”œâ”€â”€â”€â”€â”€â”€â”€â”€â”€â”€â”€â”€â”€â”€â”€â”€â”€â”€â”€â”€â”€â”€â”€â”€â”€â”€â”€â”€â”€â”€â”€â”€â”€â”€â”€â”€â”€â”€â”€â”€â”€â”€â”€â”€â”€â”€â”€â”€â”¼â”€â”€â”€â”€â”€â”€â”¼â”€â”€â”€â”€â”€â”€â”€â”€â”€â”€â”€â”€â”€â”¤
2026-01-28T15:58:37.900741Z	â”‚ manifest_D7KKwRqO.mjs                          â”‚ esm  â”‚ 31.83 KiB   â”‚
2026-01-28T15:58:37.90085Z	â”œâ”€â”€â”€â”€â”€â”€â”€â”€â”€â”€â”€â”€â”€â”€â”€â”€â”€â”€â”€â”€â”€â”€â”€â”€â”€â”€â”€â”€â”€â”€â”€â”€â”€â”€â”€â”€â”€â”€â”€â”€â”€â”€â”€â”€â”€â”€â”€â”€â”¼â”€â”€â”€â”€â”€â”€â”¼â”€â”€â”€â”€â”€â”€â”€â”€â”€â”€â”€â”€â”€â”¤
2026-01-28T15:58:37.90096Z	â”‚ noop-entrypoint.mjs                            â”‚ esm  â”‚ 0.09 KiB    â”‚
2026-01-28T15:58:37.90108Z	â”œâ”€â”€â”€â”€â”€â”€â”€â”€â”€â”€â”€â”€â”€â”€â”€â”€â”€â”€â”€â”€â”€â”€â”€â”€â”€â”€â”€â”€â”€â”€â”€â”€â”€â”€â”€â”€â”€â”€â”€â”€â”€â”€â”€â”€â”€â”€â”€â”€â”¼â”€â”€â”€â”€â”€â”€â”¼â”€â”€â”€â”€â”€â”€â”€â”€â”€â”€â”€â”€â”€â”¤
2026-01-28T15:58:37.901197Z	â”‚ pages/_image.astro.mjs                         â”‚ esm  â”‚ 3.09 KiB    â”‚
2026-01-28T15:58:37.901318Z	â”œâ”€â”€â”€â”€â”€â”€â”€â”€â”€â”€â”€â”€â”€â”€â”€â”€â”€â”€â”€â”€â”€â”€â”€â”€â”€â”€â”€â”€â”€â”€â”€â”€â”€â”€â”€â”€â”€â”€â”€â”€â”€â”€â”€â”€â”€â”€â”€â”€â”¼â”€â”€â”€â”€â”€â”€â”¼â”€â”€â”€â”€â”€â”€â”€â”€â”€â”€â”€â”€â”€â”¤
2026-01-28T15:58:37.901429Z	â”‚ pages/access/_tier_.astro.mjs                  â”‚ esm  â”‚ 0.06 KiB    â”‚
2026-01-28T15:58:37.901523Z	â”œâ”€â”€â”€â”€â”€â”€â”€â”€â”€â”€â”€â”€â”€â”€â”€â”€â”€â”€â”€â”€â”€â”€â”€â”€â”€â”€â”€â”€â”€â”€â”€â”€â”€â”€â”€â”€â”€â”€â”€â”€â”€â”€â”€â”€â”€â”€â”€â”€â”¼â”€â”€â”€â”€â”€â”€â”¼â”€â”€â”€â”€â”€â”€â”€â”€â”€â”€â”€â”€â”€â”¤
2026-01-28T15:58:37.901631Z	â”‚ pages/access.astro.mjs                         â”‚ esm  â”‚ 0.06 KiB    â”‚
2026-01-28T15:58:37.901729Z	â”œâ”€â”€â”€â”€â”€â”€â”€â”€â”€â”€â”€â”€â”€â”€â”€â”€â”€â”€â”€â”€â”€â”€â”€â”€â”€â”€â”€â”€â”€â”€â”€â”€â”€â”€â”€â”€â”€â”€â”€â”€â”€â”€â”€â”€â”€â”€â”€â”€â”¼â”€â”€â”€â”€â”€â”€â”¼â”€â”€â”€â”€â”€â”€â”€â”€â”€â”€â”€â”€â”€â”¤
2026-01-28T15:58:37.901826Z	â”‚ pages/api/download.astro.mjs                   â”‚ esm  â”‚ 0.06 KiB    â”‚
2026-01-28T15:58:37.901922Z	â”œâ”€â”€â”€â”€â”€â”€â”€â”€â”€â”€â”€â”€â”€â”€â”€â”€â”€â”€â”€â”€â”€â”€â”€â”€â”€â”€â”€â”€â”€â”€â”€â”€â”€â”€â”€â”€â”€â”€â”€â”€â”€â”€â”€â”€â”€â”€â”€â”€â”¼â”€â”€â”€â”€â”€â”€â”¼â”€â”€â”€â”€â”€â”€â”€â”€â”€â”€â”€â”€â”€â”¤
2026-01-28T15:58:37.902023Z	â”‚ pages/api/downloads/tier1.astro.mjs            â”‚ esm  â”‚ 3.32 KiB    â”‚
2026-01-28T15:58:37.902141Z	â”œâ”€â”€â”€â”€â”€â”€â”€â”€â”€â”€â”€â”€â”€â”€â”€â”€â”€â”€â”€â”€â”€â”€â”€â”€â”€â”€â”€â”€â”€â”€â”€â”€â”€â”€â”€â”€â”€â”€â”€â”€â”€â”€â”€â”€â”€â”€â”€â”€â”¼â”€â”€â”€â”€â”€â”€â”¼â”€â”€â”€â”€â”€â”€â”€â”€â”€â”€â”€â”€â”€â”¤
2026-01-28T15:58:37.902254Z	â”‚ pages/api/downloads/tier2.astro.mjs            â”‚ esm  â”‚ 3.32 KiB    â”‚
2026-01-28T15:58:37.902347Z	â”œâ”€â”€â”€â”€â”€â”€â”€â”€â”€â”€â”€â”€â”€â”€â”€â”€â”€â”€â”€â”€â”€â”€â”€â”€â”€â”€â”€â”€â”€â”€â”€â”€â”€â”€â”€â”€â”€â”€â”€â”€â”€â”€â”€â”€â”€â”€â”€â”€â”¼â”€â”€â”€â”€â”€â”€â”¼â”€â”€â”€â”€â”€â”€â”€â”€â”€â”€â”€â”€â”€â”¤
2026-01-28T15:58:37.902438Z	â”‚ pages/api/downloads/tier3.astro.mjs            â”‚ esm  â”‚ 3.32 KiB    â”‚
2026-01-28T15:58:37.902533Z	â”œâ”€â”€â”€â”€â”€â”€â”€â”€â”€â”€â”€â”€â”€â”€â”€â”€â”€â”€â”€â”€â”€â”€â”€â”€â”€â”€â”€â”€â”€â”€â”€â”€â”€â”€â”€â”€â”€â”€â”€â”€â”€â”€â”€â”€â”€â”€â”€â”€â”¼â”€â”€â”€â”€â”€â”€â”¼â”€â”€â”€â”€â”€â”€â”€â”€â”€â”€â”€â”€â”€â”¤
2026-01-28T15:58:37.902632Z	â”‚ pages/contact.astro.mjs                        â”‚ esm  â”‚ 0.06 KiB    â”‚
2026-01-28T15:58:37.902727Z	â”œâ”€â”€â”€â”€â”€â”€â”€â”€â”€â”€â”€â”€â”€â”€â”€â”€â”€â”€â”€â”€â”€â”€â”€â”€â”€â”€â”€â”€â”€â”€â”€â”€â”€â”€â”€â”€â”€â”€â”€â”€â”€â”€â”€â”€â”€â”€â”€â”€â”¼â”€â”€â”€â”€â”€â”€â”¼â”€â”€â”€â”€â”€â”€â”€â”€â”€â”€â”€â”€â”€â”¤
2026-01-28T15:58:37.902822Z	â”‚ pages/dataset.astro.mjs                        â”‚ esm  â”‚ 0.06 KiB    â”‚
2026-01-28T15:58:37.902924Z	â”œâ”€â”€â”€â”€â”€â”€â”€â”€â”€â”€â”€â”€â”€â”€â”€â”€â”€â”€â”€â”€â”€â”€â”€â”€â”€â”€â”€â”€â”€â”€â”€â”€â”€â”€â”€â”€â”€â”€â”€â”€â”€â”€â”€â”€â”€â”€â”€â”€â”¼â”€â”€â”€â”€â”€â”€â”¼â”€â”€â”€â”€â”€â”€â”€â”€â”€â”€â”€â”€â”€â”¤
2026-01-28T15:58:37.903035Z	â”‚ pages/downloads/tier1.astro.mjs                â”‚ esm  â”‚ 12.35 KiB   â”‚
2026-01-28T15:58:37.903154Z	â”œâ”€â”€â”€â”€â”€â”€â”€â”€â”€â”€â”€â”€â”€â”€â”€â”€â”€â”€â”€â”€â”€â”€â”€â”€â”€â”€â”€â”€â”€â”€â”€â”€â”€â”€â”€â”€â”€â”€â”€â”€â”€â”€â”€â”€â”€â”€â”€â”€â”¼â”€â”€â”€â”€â”€â”€â”¼â”€â”€â”€â”€â”€â”€â”€â”€â”€â”€â”€â”€â”€â”¤
2026-01-28T15:58:37.903271Z	â”‚ pages/downloads/tier2.astro.mjs                â”‚ esm  â”‚ 11.86 KiB   â”‚
2026-01-28T15:58:37.903376Z	â”œâ”€â”€â”€â”€â”€â”€â”€â”€â”€â”€â”€â”€â”€â”€â”€â”€â”€â”€â”€â”€â”€â”€â”€â”€â”€â”€â”€â”€â”€â”€â”€â”€â”€â”€â”€â”€â”€â”€â”€â”€â”€â”€â”€â”€â”€â”€â”€â”€â”¼â”€â”€â”€â”€â”€â”€â”¼â”€â”€â”€â”€â”€â”€â”€â”€â”€â”€â”€â”€â”€â”¤
2026-01-28T15:58:37.90347Z	â”‚ pages/downloads/tier3.astro.mjs                â”‚ esm  â”‚ 11.85 KiB   â”‚
2026-01-28T15:58:37.903568Z	â”œâ”€â”€â”€â”€â”€â”€â”€â”€â”€â”€â”€â”€â”€â”€â”€â”€â”€â”€â”€â”€â”€â”€â”€â”€â”€â”€â”€â”€â”€â”€â”€â”€â”€â”€â”€â”€â”€â”€â”€â”€â”€â”€â”€â”€â”€â”€â”€â”€â”¼â”€â”€â”€â”€â”€â”€â”¼â”€â”€â”€â”€â”€â”€â”€â”€â”€â”€â”€â”€â”€â”¤
2026-01-28T15:58:37.90367Z	â”‚ pages/index.astro.mjs                          â”‚ esm  â”‚ 0.06 KiB    â”‚
2026-01-28T15:58:37.903766Z	â”œâ”€â”€â”€â”€â”€â”€â”€â”€â”€â”€â”€â”€â”€â”€â”€â”€â”€â”€â”€â”€â”€â”€â”€â”€â”€â”€â”€â”€â”€â”€â”€â”€â”€â”€â”€â”€â”€â”€â”€â”€â”€â”€â”€â”€â”€â”€â”€â”€â”¼â”€â”€â”€â”€â”€â”€â”¼â”€â”€â”€â”€â”€â”€â”€â”€â”€â”€â”€â”€â”€â”¤
2026-01-28T15:58:37.903866Z	â”‚ pages/legal/disclaimer.astro.mjs               â”‚ esm  â”‚ 0.06 KiB    â”‚
2026-01-28T15:58:37.903959Z	â”œâ”€â”€â”€â”€â”€â”€â”€â”€â”€â”€â”€â”€â”€â”€â”€â”€â”€â”€â”€â”€â”€â”€â”€â”€â”€â”€â”€â”€â”€â”€â”€â”€â”€â”€â”€â”€â”€â”€â”€â”€â”€â”€â”€â”€â”€â”€â”€â”€â”¼â”€â”€â”€â”€â”€â”€â”¼â”€â”€â”€â”€â”€â”€â”€â”€â”€â”€â”€â”€â”€â”¤
2026-01-28T15:58:37.904148Z	â”‚ pages/legal/privacy.astro.mjs                  â”‚ esm  â”‚ 0.06 KiB    â”‚
2026-01-28T15:58:37.904263Z	â”œâ”€â”€â”€â”€â”€â”€â”€â”€â”€â”€â”€â”€â”€â”€â”€â”€â”€â”€â”€â”€â”€â”€â”€â”€â”€â”€â”€â”€â”€â”€â”€â”€â”€â”€â”€â”€â”€â”€â”€â”€â”€â”€â”€â”€â”€â”€â”€â”€â”¼â”€â”€â”€â”€â”€â”€â”¼â”€â”€â”€â”€â”€â”€â”€â”€â”€â”€â”€â”€â”€â”¤
2026-01-28T15:58:37.90438Z	â”‚ pages/legal/terms.astro.mjs                    â”‚ esm  â”‚ 0.06 KiB    â”‚
2026-01-28T15:58:37.904475Z	â”œâ”€â”€â”€â”€â”€â”€â”€â”€â”€â”€â”€â”€â”€â”€â”€â”€â”€â”€â”€â”€â”€â”€â”€â”€â”€â”€â”€â”€â”€â”€â”€â”€â”€â”€â”€â”€â”€â”€â”€â”€â”€â”€â”€â”€â”€â”€â”€â”€â”¼â”€â”€â”€â”€â”€â”€â”¼â”€â”€â”€â”€â”€â”€â”€â”€â”€â”€â”€â”€â”€â”¤
2026-01-28T15:58:37.904582Z	â”‚ pages/research.astro.mjs                       â”‚ esm  â”‚ 0.06 KiB    â”‚
2026-01-28T15:58:37.904683Z	â”œâ”€â”€â”€â”€â”€â”€â”€â”€â”€â”€â”€â”€â”€â”€â”€â”€â”€â”€â”€â”€â”€â”€â”€â”€â”€â”€â”€â”€â”€â”€â”€â”€â”€â”€â”€â”€â”€â”€â”€â”€â”€â”€â”€â”€â”€â”€â”€â”€â”¼â”€â”€â”€â”€â”€â”€â”¼â”€â”€â”€â”€â”€â”€â”€â”€â”€â”€â”€â”€â”€â”¤
2026-01-28T15:58:37.90477Z	â”‚ pages/updates/_slug_.astro.mjs                 â”‚ esm  â”‚ 0.06 KiB    â”‚
2026-01-28T15:58:37.90486Z	â”œâ”€â”€â”€â”€â”€â”€â”€â”€â”€â”€â”€â”€â”€â”€â”€â”€â”€â”€â”€â”€â”€â”€â”€â”€â”€â”€â”€â”€â”€â”€â”€â”€â”€â”€â”€â”€â”€â”€â”€â”€â”€â”€â”€â”€â”€â”€â”€â”€â”¼â”€â”€â”€â”€â”€â”€â”¼â”€â”€â”€â”€â”€â”€â”€â”€â”€â”€â”€â”€â”€â”¤
2026-01-28T15:58:37.904968Z	â”‚ pages/updates.astro.mjs                        â”‚ esm  â”‚ 0.06 KiB    â”‚
2026-01-28T15:58:37.90506Z	â”œâ”€â”€â”€â”€â”€â”€â”€â”€â”€â”€â”€â”€â”€â”€â”€â”€â”€â”€â”€â”€â”€â”€â”€â”€â”€â”€â”€â”€â”€â”€â”€â”€â”€â”€â”€â”€â”€â”€â”€â”€â”€â”€â”€â”€â”€â”€â”€â”€â”¼â”€â”€â”€â”€â”€â”€â”¼â”€â”€â”€â”€â”€â”€â”€â”€â”€â”€â”€â”€â”€â”¤
2026-01-28T15:58:37.905173Z	â”‚ renderers.mjs                                  â”‚ esm  â”‚ 0.10 KiB    â”‚
2026-01-28T15:58:37.905279Z	â”œâ”€â”€â”€â”€â”€â”€â”€â”€â”€â”€â”€â”€â”€â”€â”€â”€â”€â”€â”€â”€â”€â”€â”€â”€â”€â”€â”€â”€â”€â”€â”€â”€â”€â”€â”€â”€â”€â”€â”€â”€â”€â”€â”€â”€â”€â”€â”€â”€â”¼â”€â”€â”€â”€â”€â”€â”¼â”€â”€â”€â”€â”€â”€â”€â”€â”€â”€â”€â”€â”€â”¤
2026-01-28T15:58:37.905378Z	â”‚ Total (44 modules)                             â”‚      â”‚ 1035.73 KiB â”‚
2026-01-28T15:58:37.905479Z	â””â”€â”€â”€â”€â”€â”€â”€â”€â”€â”€â”€â”€â”€â”€â”€â”€â”€â”€â”€â”€â”€â”€â”€â”€â”€â”€â”€â”€â”€â”€â”€â”€â”€â”€â”€â”€â”€â”€â”€â”€â”€â”€â”€â”€â”€â”€â”€â”€â”´â”€â”€â”€â”€â”€â”€â”´â”€â”€â”€â”€â”€â”€â”€â”€â”€â”€â”€â”€â”€â”˜
2026-01-28T15:58:37.926402Z	âœ¨ Compiled Worker successfully
2026-01-28T15:58:39.027307Z	Found _routes.json in output directory. Uploading.
2026-01-28T15:58:39.043953Z	Validating asset output directory
2026-01-28T15:58:41.926835Z	Deploying your site to Cloudflare's global network...
2026-01-28T15:58:46.64854Z	Uploading... (62/62)
2026-01-28T15:58:46.649415Z	âœ¨ Success! Uploaded 0 files (62 already uploaded) (0.30 sec)
2026-01-28T15:58:46.649548Z	
2026-01-28T15:58:46.995817Z	âœ¨ Upload complete!
2026-01-28T15:58:50.780945Z	Success: Assets published!
2026-01-28T15:58:55.34413Z	Success: Your site was deployed!