2026-01-28T16:06:23.875Z	Cloning repository...
2026-01-28T16:06:26.297705Z	From https://github.com/SiCkGFX/instrumetriq-site
2026-01-28T16:06:26.298093Z	 * branch            c3929b4f146d699d90a072f3a6190a85b7350441 -> FETCH_HEAD
2026-01-28T16:06:26.298211Z	
2026-01-28T16:06:26.516401Z	HEAD is now at c3929b4 Fix R2 binding access - remove extra .runtime level
2026-01-28T16:06:26.51699Z	
2026-01-28T16:06:26.585544Z	
2026-01-28T16:06:26.585975Z	Using v2 root directory strategy
2026-01-28T16:06:26.611899Z	Success: Finished cloning repository files
2026-01-28T16:06:28.682488Z	Checking for configuration in a Wrangler configuration file (BETA)
2026-01-28T16:06:28.683321Z	
2026-01-28T16:06:28.684195Z	Found wrangler.toml file. Reading build configuration...
2026-01-28T16:06:28.689354Z	pages_build_output_dir: dist
2026-01-28T16:06:28.689537Z	Build environment variables: (none found)
2026-01-28T16:06:29.822579Z	Successfully read wrangler.toml file.
2026-01-28T16:06:29.894659Z	Detected the following tools from environment: npm@10.9.2, nodejs@22.16.0, pip@25.1.1, python@3.13.3
2026-01-28T16:06:29.89526Z	Installing project dependencies: npm clean-install --progress=false
2026-01-28T16:06:40.189013Z	
2026-01-28T16:06:40.189336Z	added 453 packages, and audited 454 packages in 10s
2026-01-28T16:06:40.189517Z	
2026-01-28T16:06:40.189672Z	164 packages are looking for funding
2026-01-28T16:06:40.18984Z	  run `npm fund` for details
2026-01-28T16:06:40.249191Z	
2026-01-28T16:06:40.249451Z	4 vulnerabilities (2 moderate, 2 high)
2026-01-28T16:06:40.249583Z	
2026-01-28T16:06:40.249709Z	To address all issues (including breaking changes), run:
2026-01-28T16:06:40.249822Z	  npm audit fix --force
2026-01-28T16:06:40.249992Z	
2026-01-28T16:06:40.2501Z	Run `npm audit` for details.
2026-01-28T16:06:40.277196Z	Installing project dependencies: pip install -r requirements.txt
2026-01-28T16:06:41.86206Z	Collecting boto3>=1.35.0 (from -r requirements.txt (line 9))
2026-01-28T16:06:41.896016Z	  Downloading boto3-1.42.36-py3-none-any.whl.metadata (6.8 kB)
2026-01-28T16:06:41.996716Z	Collecting pyarrow>=18.0.0 (from -r requirements.txt (line 10))
2026-01-28T16:06:42.006408Z	  Downloading pyarrow-23.0.0-cp313-cp313-manylinux_2_28_x86_64.whl.metadata (3.0 kB)
2026-01-28T16:06:42.406963Z	Collecting botocore<1.43.0,>=1.42.36 (from boto3>=1.35.0->-r requirements.txt (line 9))
2026-01-28T16:06:42.416474Z	  Downloading botocore-1.42.36-py3-none-any.whl.metadata (5.9 kB)
2026-01-28T16:06:42.436747Z	Collecting jmespath<2.0.0,>=0.7.1 (from boto3>=1.35.0->-r requirements.txt (line 9))
2026-01-28T16:06:42.445571Z	  Downloading jmespath-1.1.0-py3-none-any.whl.metadata (7.6 kB)
2026-01-28T16:06:42.469157Z	Collecting s3transfer<0.17.0,>=0.16.0 (from boto3>=1.35.0->-r requirements.txt (line 9))
2026-01-28T16:06:42.477815Z	  Downloading s3transfer-0.16.0-py3-none-any.whl.metadata (1.7 kB)
2026-01-28T16:06:42.502543Z	Collecting python-dateutil<3.0.0,>=2.1 (from botocore<1.43.0,>=1.42.36->boto3>=1.35.0->-r requirements.txt (line 9))
2026-01-28T16:06:42.511213Z	  Downloading python_dateutil-2.9.0.post0-py2.py3-none-any.whl.metadata (8.4 kB)
2026-01-28T16:06:42.558553Z	Collecting urllib3!=2.2.0,<3,>=1.25.4 (from botocore<1.43.0,>=1.42.36->boto3>=1.35.0->-r requirements.txt (line 9))
2026-01-28T16:06:42.567834Z	  Downloading urllib3-2.6.3-py3-none-any.whl.metadata (6.9 kB)
2026-01-28T16:06:42.594321Z	Collecting six>=1.5 (from python-dateutil<3.0.0,>=2.1->botocore<1.43.0,>=1.42.36->boto3>=1.35.0->-r requirements.txt (line 9))
2026-01-28T16:06:42.6032Z	  Downloading six-1.17.0-py2.py3-none-any.whl.metadata (1.7 kB)
2026-01-28T16:06:42.754915Z	Downloading boto3-1.42.36-py3-none-any.whl (140 kB)
2026-01-28T16:06:42.775246Z	Downloading botocore-1.42.36-py3-none-any.whl (14.6 MB)
2026-01-28T16:06:42.846014Z	   â”â”â”â”â”â”â”â”â”â”â”â”â”â”â”â”â”â”â”â”â”â”â”â”â”â”â”â”â”â”â”â”â”â”â”â”â”â”â”â” 14.6/14.6 MB 231.0 MB/s eta 0:00:00
2026-01-28T16:06:42.854781Z	Downloading jmespath-1.1.0-py3-none-any.whl (20 kB)
2026-01-28T16:06:42.865139Z	Downloading python_dateutil-2.9.0.post0-py2.py3-none-any.whl (229 kB)
2026-01-28T16:06:42.874832Z	Downloading s3transfer-0.16.0-py3-none-any.whl (86 kB)
2026-01-28T16:06:42.88477Z	Downloading urllib3-2.6.3-py3-none-any.whl (131 kB)
2026-01-28T16:06:42.894233Z	Downloading pyarrow-23.0.0-cp313-cp313-manylinux_2_28_x86_64.whl (47.6 MB)
2026-01-28T16:06:43.148796Z	   â”â”â”â”â”â”â”â”â”â”â”â”â”â”â”â”â”â”â”â”â”â”â”â”â”â”â”â”â”â”â”â”â”â”â”â”â”â”â”â” 47.6/47.6 MB 188.9 MB/s eta 0:00:00
2026-01-28T16:06:43.157622Z	Downloading six-1.17.0-py2.py3-none-any.whl (11 kB)
2026-01-28T16:06:43.283523Z	Installing collected packages: urllib3, six, pyarrow, jmespath, python-dateutil, botocore, s3transfer, boto3
2026-01-28T16:06:45.6399Z	
2026-01-28T16:06:45.642128Z	Successfully installed boto3-1.42.36 botocore-1.42.36 jmespath-1.1.0 pyarrow-23.0.0 python-dateutil-2.9.0.post0 s3transfer-0.16.0 six-1.17.0 urllib3-2.6.3
2026-01-28T16:06:45.724803Z	
2026-01-28T16:06:45.725094Z	[notice] A new release of pip is available: 25.1.1 -> 25.3
2026-01-28T16:06:45.725708Z	[notice] To update, run: pip3 install --upgrade pip
2026-01-28T16:06:45.831244Z	Reshimming asdf python...
2026-01-28T16:06:49.681288Z	Executing user command: npm run build
2026-01-28T16:06:50.051692Z	
2026-01-28T16:06:50.051958Z	> instrumetriq@0.0.1 build
2026-01-28T16:06:50.052119Z	> npm run lint:wording && bash -c 'source ~/.r2_credentials 2>/dev/null || true; astro build'
2026-01-28T16:06:50.052228Z	
2026-01-28T16:06:50.215167Z	
2026-01-28T16:06:50.215801Z	> instrumetriq@0.0.1 lint:wording
2026-01-28T16:06:50.216033Z	> node scripts/lint_wording.mjs
2026-01-28T16:06:50.216179Z	
2026-01-28T16:06:50.27693Z	lint:wording passed
2026-01-28T16:06:52.080256Z	[2m16:06:52[22m [34m[@astrojs/cloudflare][39m Enabling sessions with Cloudflare KV with the "SESSION" KV binding.
2026-01-28T16:06:52.080501Z	[2m16:06:52[22m [34m[@astrojs/cloudflare][39m If you see the error "Invalid binding `SESSION`" in your build output, you need to add the binding to your wrangler config file.
2026-01-28T16:06:52.508741Z	[2m16:06:52[22m [34m[content][39m Syncing content
2026-01-28T16:06:53.168368Z	[2m16:06:53[22m [34m[content][39m Synced content
2026-01-28T16:06:53.169082Z	[2m16:06:53[22m [34m[types][39m Generated [2m1.07s[22m
2026-01-28T16:06:53.169483Z	[2m16:06:53[22m [34m[build][39m output: [34m"static"[39m
2026-01-28T16:06:53.169669Z	[2m16:06:53[22m [34m[build][39m mode: [34m"server"[39m
2026-01-28T16:06:53.16982Z	[2m16:06:53[22m [34m[build][39m directory: [34m/opt/buildhome/repo/dist/[39m
2026-01-28T16:06:53.169969Z	[2m16:06:53[22m [34m[build][39m adapter: [32m@astrojs/cloudflare[39m
2026-01-28T16:06:53.170105Z	[2m16:06:53[22m [34m[build][39m Collecting build info...
2026-01-28T16:06:53.170389Z	[2m16:06:53[22m [34m[build][39m [32mâœ“ Completed in 1.09s.[39m
2026-01-28T16:06:53.171567Z	[2m16:06:53[22m [34m[build][39m Building server entrypoints...
2026-01-28T16:06:54.14143Z	[33m[1m16:06:54[22m [WARN] [vite][39m [33m[plugin vite:resolve] Automatically externalized node built-in module "node:fs" imported from "src/pages/access/index.astro". Consider adding it to environments.ssr.external if it is intended.[39m
2026-01-28T16:06:54.141774Z	[33m[1m16:06:54[22m [WARN] [vite][39m [33m[plugin vite:resolve] Automatically externalized node built-in module "node:path" imported from "src/pages/access/index.astro". Consider adding it to environments.ssr.external if it is intended.[39m
2026-01-28T16:06:54.146341Z	[33m[1m16:06:54[22m [WARN] [vite][39m [33m[plugin vite:resolve] Automatically externalized node built-in module "node:fs" imported from "src/pages/updates/index.astro". Consider adding it to environments.ssr.external if it is intended.[39m
2026-01-28T16:06:54.146894Z	[33m[1m16:06:54[22m [WARN] [vite][39m [33m[plugin vite:resolve] Automatically externalized node built-in module "node:path" imported from "src/pages/updates/index.astro". Consider adding it to environments.ssr.external if it is intended.[39m
2026-01-28T16:06:54.175053Z	[33m[1m16:06:54[22m [WARN] [vite][39m [33m[plugin vite:resolve] Automatically externalized node built-in module "node:fs" imported from "src/pages/dataset.astro". Consider adding it to environments.ssr.external if it is intended.[39m
2026-01-28T16:06:54.175568Z	[33m[1m16:06:54[22m [WARN] [vite][39m [33m[plugin vite:resolve] Automatically externalized node built-in module "node:path" imported from "src/pages/dataset.astro". Consider adding it to environments.ssr.external if it is intended.[39m
2026-01-28T16:06:54.39508Z	[33m[1m16:06:54[22m [WARN] [vite][39m [33m[plugin vite:resolve] Automatically externalized node built-in module "node:fs" imported from "src/lib/artifactsData.ts". Consider adding it to environments.ssr.external if it is intended.[39m
2026-01-28T16:06:54.395334Z	[33m[1m16:06:54[22m [WARN] [vite][39m [33m[plugin vite:resolve] Automatically externalized node built-in module "node:path" imported from "src/lib/artifactsData.ts". Consider adding it to environments.ssr.external if it is intended.[39m
2026-01-28T16:06:56.129317Z	[2m16:06:56[22m [34m[vite][39m [32mâœ“ built in 2.93s[39m
2026-01-28T16:06:56.129529Z	[2m16:06:56[22m [34m[build][39m [32mâœ“ Completed in 2.96s.[39m
2026-01-28T16:06:56.13017Z	
2026-01-28T16:06:56.130268Z	[42m[30m building client (vite) [39m[49m
2026-01-28T16:06:56.149574Z	[2m16:06:56[22m [34m[vite][39m transforming...
2026-01-28T16:06:56.174277Z	[2m16:06:56[22m [34m[vite][39m [32mâœ“[39m 2 modules transformed.
2026-01-28T16:06:56.198225Z	[2m16:06:56[22m [34m[vite][39m rendering chunks...
2026-01-28T16:06:56.199553Z	[2m16:06:56[22m [34m[vite][39m computing gzip size...
2026-01-28T16:06:56.201448Z	[2m16:06:56[22m [34m[vite][39m [2mdist/[22m[2m_astro/[22m[36mresearch.astro_astro_type_script_index_0_lang.CBbrCgIe.js  [39m[1m[2m14.27 kB[22m[1m[22m[2m â”‚ gzip: 4.61 kB[22m
2026-01-28T16:06:56.201709Z	[2m16:06:56[22m [34m[vite][39m [32mâœ“ built in 68ms[39m
2026-01-28T16:06:56.218308Z	
2026-01-28T16:06:56.218469Z	[42m[30m prerendering static routes [39m[49m
2026-01-28T16:06:56.223088Z	[2m16:06:56[22m [32mâ–¶[39m src/pages/access/[tier].astro
2026-01-28T16:06:56.242262Z	[2m16:06:56[22m   [34mâ”œâ”€[39m [2m/access/tier1/index.html[22m [2m(+13ms)[22m 
2026-01-28T16:06:56.244748Z	[2m16:06:56[22m   [34mâ”œâ”€[39m [2m/access/tier2/index.html[22m [2m(+2ms)[22m 
2026-01-28T16:06:56.247007Z	[2m16:06:56[22m   [34mâ””â”€[39m [2m/access/tier3/index.html[22m [2m(+2ms)[22m 
2026-01-28T16:06:56.24846Z	[2m16:06:56[22m [32mâ–¶[39m src/pages/access/index.astro
2026-01-28T16:06:56.251872Z	[2m16:06:56[22m   [34mâ””â”€[39m [2m/access/index.html[22m [2m(+3ms)[22m 
2026-01-28T16:06:56.266443Z	[2m16:06:56[22m [35mÎ»[39m src/pages/api/download.ts
2026-01-28T16:06:56.266976Z	[2m16:06:56[22m   [34mâ””â”€[39m [2m/api/download[22m[33m[1m16:06:56[22m [WARN] [router][39m No API Route handler exists for the method "GET" for the route "/api/download".
2026-01-28T16:06:56.267109Z	Found handlers: "POST"
2026-01-28T16:06:56.267493Z	
2026-01-28T16:06:56.267818Z	 [2m(+1ms)[22m [33m(file not created, response body was empty)[39m
2026-01-28T16:06:56.268203Z	[2m16:06:56[22m [32mâ–¶[39m src/pages/contact.astro
2026-01-28T16:06:56.269784Z	[2m16:06:56[22m   [34mâ””â”€[39m [2m/contact/index.html[22m [2m(+1ms)[22m 
2026-01-28T16:06:56.270766Z	[2m16:06:56[22m [32mâ–¶[39m src/pages/legal/disclaimer.astro
2026-01-28T16:06:56.27229Z	[2m16:06:56[22m   [34mâ””â”€[39m [2m/legal/disclaimer/index.html[22m [2m(+1ms)[22m 
2026-01-28T16:06:56.273516Z	[2m16:06:56[22m [32mâ–¶[39m src/pages/legal/privacy.astro
2026-01-28T16:06:56.275257Z	[2m16:06:56[22m   [34mâ””â”€[39m [2m/legal/privacy/index.html[22m [2m(+2ms)[22m 
2026-01-28T16:06:56.276306Z	[2m16:06:56[22m [32mâ–¶[39m src/pages/legal/terms.astro
2026-01-28T16:06:56.278293Z	[2m16:06:56[22m   [34mâ””â”€[39m [2m/legal/terms/index.html[22m [2m(+2ms)[22m 
2026-01-28T16:06:56.279629Z	[2m16:06:56[22m [32mâ–¶[39m src/pages/research.astro
2026-01-28T16:06:56.282339Z	[2m16:06:56[22m   [34mâ””â”€[39m [2m/research/index.html[22m [2m(+3ms)[22m 
2026-01-28T16:06:56.284237Z	[2m16:06:56[22m [32mâ–¶[39m src/pages/updates/[slug].astro
2026-01-28T16:06:56.28685Z	[2m16:06:56[22m   [34mâ”œâ”€[39m [2m/updates/2025-12-19/index.html[22m [2m(+2ms)[22m 
2026-01-28T16:06:56.288172Z	[2m16:06:56[22m   [34mâ”œâ”€[39m [2m/updates/2025-12-20/index.html[22m [2m(+1ms)[22m 
2026-01-28T16:06:56.289388Z	[2m16:06:56[22m   [34mâ”œâ”€[39m [2m/updates/2026-01-26/index.html[22m [2m(+1ms)[22m 
2026-01-28T16:06:56.290537Z	[2m16:06:56[22m   [34mâ”œâ”€[39m [2m/updates/2026-01-25/index.html[22m [2m(+1ms)[22m 
2026-01-28T16:06:56.29184Z	[2m16:06:56[22m   [34mâ”œâ”€[39m [2m/updates/2026-01-27/index.html[22m [2m(+1ms)[22m 
2026-01-28T16:06:56.292886Z	[2m16:06:56[22m   [34mâ”œâ”€[39m [2m/updates/2026-01-27-archive-cleanup/index.html[22m [2m(+1ms)[22m 
2026-01-28T16:06:56.294166Z	[2m16:06:56[22m   [34mâ””â”€[39m [2m/updates/welcome/index.html[22m [2m(+1ms)[22m 
2026-01-28T16:06:56.295221Z	[2m16:06:56[22m [32mâ–¶[39m src/pages/updates/index.astro
2026-01-28T16:06:56.297587Z	[2m16:06:56[22m   [34mâ””â”€[39m [2m/updates/index.html[22m [2m(+2ms)[22m 
2026-01-28T16:06:56.298447Z	[2m16:06:56[22m [32mâ–¶[39m src/pages/index.astro
2026-01-28T16:06:56.299561Z	[2m16:06:56[22m   [34mâ””â”€[39m [2m/index.html[22m [2m(+1ms)[22m 
2026-01-28T16:06:56.301286Z	[2m16:06:56[22m [32mâ–¶[39m src/pages/dataset.astro
2026-01-28T16:06:56.303926Z	[2m16:06:56[22m   [34mâ””â”€[39m [2m/dataset/index.html[22m [2m(+3ms)[22m 
2026-01-28T16:06:56.304087Z	[2m16:06:56[22m [32mâœ“ Completed in 97ms.
2026-01-28T16:06:56.304203Z	[39m
2026-01-28T16:06:56.305736Z	[2m16:06:56[22m [34m[build][39m Rearranging server assets...
2026-01-28T16:06:56.311274Z	[2m16:06:56[22m [34m[build][39m Server built in [1m4.23s[22m
2026-01-28T16:06:56.311438Z	[2m16:06:56[22m [34m[build][39m [1mComplete![22m
2026-01-28T16:06:56.350652Z	Finished
2026-01-28T16:06:57.191703Z	Checking for configuration in a Wrangler configuration file (BETA)
2026-01-28T16:06:57.192178Z	
2026-01-28T16:06:57.192984Z	Found wrangler.toml file. Reading build configuration...
2026-01-28T16:06:57.197982Z	pages_build_output_dir: dist
2026-01-28T16:06:57.198207Z	Build environment variables: (none found)
2026-01-28T16:06:58.295273Z	Successfully read wrangler.toml file.
2026-01-28T16:06:58.296109Z	Found _worker.js in output directory. Uploading.
2026-01-28T16:06:58.301219Z	 â›…ï¸ wrangler 3.101.0
2026-01-28T16:06:58.301517Z	-------------------
2026-01-28T16:06:59.160877Z	Attaching additional modules:
2026-01-28T16:06:59.173502Z	â”Œâ”€â”€â”€â”€â”€â”€â”€â”€â”€â”€â”€â”€â”€â”€â”€â”€â”€â”€â”€â”€â”€â”€â”€â”€â”€â”€â”€â”€â”€â”€â”€â”€â”€â”€â”€â”€â”€â”€â”€â”€â”€â”€â”€â”€â”€â”€â”€â”€â”¬â”€â”€â”€â”€â”€â”€â”¬â”€â”€â”€â”€â”€â”€â”€â”€â”€â”€â”€â”€â”€â”
2026-01-28T16:06:59.173817Z	â”‚ Name                                           â”‚ Type â”‚ Size        â”‚
2026-01-28T16:06:59.173927Z	â”œâ”€â”€â”€â”€â”€â”€â”€â”€â”€â”€â”€â”€â”€â”€â”€â”€â”€â”€â”€â”€â”€â”€â”€â”€â”€â”€â”€â”€â”€â”€â”€â”€â”€â”€â”€â”€â”€â”€â”€â”€â”€â”€â”€â”€â”€â”€â”€â”€â”¼â”€â”€â”€â”€â”€â”€â”¼â”€â”€â”€â”€â”€â”€â”€â”€â”€â”€â”€â”€â”€â”¤
2026-01-28T16:06:59.174095Z	â”‚ _@astrojs-ssr-adapter.mjs                      â”‚ esm  â”‚ 0.14 KiB    â”‚
2026-01-28T16:06:59.174283Z	â”œâ”€â”€â”€â”€â”€â”€â”€â”€â”€â”€â”€â”€â”€â”€â”€â”€â”€â”€â”€â”€â”€â”€â”€â”€â”€â”€â”€â”€â”€â”€â”€â”€â”€â”€â”€â”€â”€â”€â”€â”€â”€â”€â”€â”€â”€â”€â”€â”€â”¼â”€â”€â”€â”€â”€â”€â”¼â”€â”€â”€â”€â”€â”€â”€â”€â”€â”€â”€â”€â”€â”¤
2026-01-28T16:06:59.174406Z	â”‚ _astro-internal_middleware.mjs                 â”‚ esm  â”‚ 0.45 KiB    â”‚
2026-01-28T16:06:59.174507Z	â”œâ”€â”€â”€â”€â”€â”€â”€â”€â”€â”€â”€â”€â”€â”€â”€â”€â”€â”€â”€â”€â”€â”€â”€â”€â”€â”€â”€â”€â”€â”€â”€â”€â”€â”€â”€â”€â”€â”€â”€â”€â”€â”€â”€â”€â”€â”€â”€â”€â”¼â”€â”€â”€â”€â”€â”€â”¼â”€â”€â”€â”€â”€â”€â”€â”€â”€â”€â”€â”€â”€â”¤
2026-01-28T16:06:59.174627Z	â”‚ chunks/BaseLayout_D2YSPTt3.mjs                 â”‚ esm  â”‚ 3.44 KiB    â”‚
2026-01-28T16:06:59.174751Z	â”œâ”€â”€â”€â”€â”€â”€â”€â”€â”€â”€â”€â”€â”€â”€â”€â”€â”€â”€â”€â”€â”€â”€â”€â”€â”€â”€â”€â”€â”€â”€â”€â”€â”€â”€â”€â”€â”€â”€â”€â”€â”€â”€â”€â”€â”€â”€â”€â”€â”¼â”€â”€â”€â”€â”€â”€â”¼â”€â”€â”€â”€â”€â”€â”€â”€â”€â”€â”€â”€â”€â”¤
2026-01-28T16:06:59.174863Z	â”‚ chunks/_@astrojs-ssr-adapter_CnrzK3pE.mjs      â”‚ esm  â”‚ 38.62 KiB   â”‚
2026-01-28T16:06:59.174965Z	â”œâ”€â”€â”€â”€â”€â”€â”€â”€â”€â”€â”€â”€â”€â”€â”€â”€â”€â”€â”€â”€â”€â”€â”€â”€â”€â”€â”€â”€â”€â”€â”€â”€â”€â”€â”€â”€â”€â”€â”€â”€â”€â”€â”€â”€â”€â”€â”€â”€â”¼â”€â”€â”€â”€â”€â”€â”¼â”€â”€â”€â”€â”€â”€â”€â”€â”€â”€â”€â”€â”€â”¤
2026-01-28T16:06:59.175066Z	â”‚ chunks/_astro_assets_BrLT3JpU.mjs              â”‚ esm  â”‚ 59.18 KiB   â”‚
2026-01-28T16:06:59.175182Z	â”œâ”€â”€â”€â”€â”€â”€â”€â”€â”€â”€â”€â”€â”€â”€â”€â”€â”€â”€â”€â”€â”€â”€â”€â”€â”€â”€â”€â”€â”€â”€â”€â”€â”€â”€â”€â”€â”€â”€â”€â”€â”€â”€â”€â”€â”€â”€â”€â”€â”¼â”€â”€â”€â”€â”€â”€â”¼â”€â”€â”€â”€â”€â”€â”€â”€â”€â”€â”€â”€â”€â”¤
2026-01-28T16:06:59.175292Z	â”‚ chunks/_astro_data-layer-content_Bc7BEK8D.mjs  â”‚ esm  â”‚ 0.06 KiB    â”‚
2026-01-28T16:06:59.175389Z	â”œâ”€â”€â”€â”€â”€â”€â”€â”€â”€â”€â”€â”€â”€â”€â”€â”€â”€â”€â”€â”€â”€â”€â”€â”€â”€â”€â”€â”€â”€â”€â”€â”€â”€â”€â”€â”€â”€â”€â”€â”€â”€â”€â”€â”€â”€â”€â”€â”€â”¼â”€â”€â”€â”€â”€â”€â”¼â”€â”€â”€â”€â”€â”€â”€â”€â”€â”€â”€â”€â”€â”¤
2026-01-28T16:06:59.175492Z	â”‚ chunks/astro/server_kL-wttGT.mjs               â”‚ esm  â”‚ 246.26 KiB  â”‚
2026-01-28T16:06:59.175614Z	â”œâ”€â”€â”€â”€â”€â”€â”€â”€â”€â”€â”€â”€â”€â”€â”€â”€â”€â”€â”€â”€â”€â”€â”€â”€â”€â”€â”€â”€â”€â”€â”€â”€â”€â”€â”€â”€â”€â”€â”€â”€â”€â”€â”€â”€â”€â”€â”€â”€â”¼â”€â”€â”€â”€â”€â”€â”¼â”€â”€â”€â”€â”€â”€â”€â”€â”€â”€â”€â”€â”€â”¤
2026-01-28T16:06:59.175727Z	â”‚ chunks/astro-designed-error-pages_DN4vjhch.mjs â”‚ esm  â”‚ 32.59 KiB   â”‚
2026-01-28T16:06:59.175879Z	â”œâ”€â”€â”€â”€â”€â”€â”€â”€â”€â”€â”€â”€â”€â”€â”€â”€â”€â”€â”€â”€â”€â”€â”€â”€â”€â”€â”€â”€â”€â”€â”€â”€â”€â”€â”€â”€â”€â”€â”€â”€â”€â”€â”€â”€â”€â”€â”€â”€â”¼â”€â”€â”€â”€â”€â”€â”¼â”€â”€â”€â”€â”€â”€â”€â”€â”€â”€â”€â”€â”€â”¤
2026-01-28T16:06:59.175984Z	â”‚ chunks/cloudflare-kv-binding_DMly_2Gl.mjs      â”‚ esm  â”‚ 2.94 KiB    â”‚
2026-01-28T16:06:59.17627Z	â”œâ”€â”€â”€â”€â”€â”€â”€â”€â”€â”€â”€â”€â”€â”€â”€â”€â”€â”€â”€â”€â”€â”€â”€â”€â”€â”€â”€â”€â”€â”€â”€â”€â”€â”€â”€â”€â”€â”€â”€â”€â”€â”€â”€â”€â”€â”€â”€â”€â”¼â”€â”€â”€â”€â”€â”€â”¼â”€â”€â”€â”€â”€â”€â”€â”€â”€â”€â”€â”€â”€â”¤
2026-01-28T16:06:59.176492Z	â”‚ chunks/consts_Q4AsXsmN.mjs                     â”‚ esm  â”‚ 0.54 KiB    â”‚
2026-01-28T16:06:59.177432Z	â”œâ”€â”€â”€â”€â”€â”€â”€â”€â”€â”€â”€â”€â”€â”€â”€â”€â”€â”€â”€â”€â”€â”€â”€â”€â”€â”€â”€â”€â”€â”€â”€â”€â”€â”€â”€â”€â”€â”€â”€â”€â”€â”€â”€â”€â”€â”€â”€â”€â”¼â”€â”€â”€â”€â”€â”€â”¼â”€â”€â”€â”€â”€â”€â”€â”€â”€â”€â”€â”€â”€â”¤
2026-01-28T16:06:59.178149Z	â”‚ chunks/content-assets_XqCgPAV2.mjs             â”‚ esm  â”‚ 0.06 KiB    â”‚
2026-01-28T16:06:59.178477Z	â”œâ”€â”€â”€â”€â”€â”€â”€â”€â”€â”€â”€â”€â”€â”€â”€â”€â”€â”€â”€â”€â”€â”€â”€â”€â”€â”€â”€â”€â”€â”€â”€â”€â”€â”€â”€â”€â”€â”€â”€â”€â”€â”€â”€â”€â”€â”€â”€â”€â”¼â”€â”€â”€â”€â”€â”€â”¼â”€â”€â”€â”€â”€â”€â”€â”€â”€â”€â”€â”€â”€â”¤
2026-01-28T16:06:59.178597Z	â”‚ chunks/content-modules_Bvq7llv8.mjs            â”‚ esm  â”‚ 0.06 KiB    â”‚
2026-01-28T16:06:59.17883Z	â”œâ”€â”€â”€â”€â”€â”€â”€â”€â”€â”€â”€â”€â”€â”€â”€â”€â”€â”€â”€â”€â”€â”€â”€â”€â”€â”€â”€â”€â”€â”€â”€â”€â”€â”€â”€â”€â”€â”€â”€â”€â”€â”€â”€â”€â”€â”€â”€â”€â”¼â”€â”€â”€â”€â”€â”€â”¼â”€â”€â”€â”€â”€â”€â”€â”€â”€â”€â”€â”€â”€â”¤
2026-01-28T16:06:59.179022Z	â”‚ chunks/index_BjVJa_jD.mjs                      â”‚ esm  â”‚ 413.95 KiB  â”‚
2026-01-28T16:06:59.179154Z	â”œâ”€â”€â”€â”€â”€â”€â”€â”€â”€â”€â”€â”€â”€â”€â”€â”€â”€â”€â”€â”€â”€â”€â”€â”€â”€â”€â”€â”€â”€â”€â”€â”€â”€â”€â”€â”€â”€â”€â”€â”€â”€â”€â”€â”€â”€â”€â”€â”€â”¼â”€â”€â”€â”€â”€â”€â”¼â”€â”€â”€â”€â”€â”€â”€â”€â”€â”€â”€â”€â”€â”¤
2026-01-28T16:06:59.179268Z	â”‚ chunks/index_CC4pMMAC.mjs                      â”‚ esm  â”‚ 117.52 KiB  â”‚
2026-01-28T16:06:59.179374Z	â”œâ”€â”€â”€â”€â”€â”€â”€â”€â”€â”€â”€â”€â”€â”€â”€â”€â”€â”€â”€â”€â”€â”€â”€â”€â”€â”€â”€â”€â”€â”€â”€â”€â”€â”€â”€â”€â”€â”€â”€â”€â”€â”€â”€â”€â”€â”€â”€â”€â”¼â”€â”€â”€â”€â”€â”€â”¼â”€â”€â”€â”€â”€â”€â”€â”€â”€â”€â”€â”€â”€â”¤
2026-01-28T16:06:59.179477Z	â”‚ chunks/index_DkQ6HSgp.mjs                      â”‚ esm  â”‚ 10.84 KiB   â”‚
2026-01-28T16:06:59.179573Z	â”œâ”€â”€â”€â”€â”€â”€â”€â”€â”€â”€â”€â”€â”€â”€â”€â”€â”€â”€â”€â”€â”€â”€â”€â”€â”€â”€â”€â”€â”€â”€â”€â”€â”€â”€â”€â”€â”€â”€â”€â”€â”€â”€â”€â”€â”€â”€â”€â”€â”¼â”€â”€â”€â”€â”€â”€â”¼â”€â”€â”€â”€â”€â”€â”€â”€â”€â”€â”€â”€â”€â”¤
2026-01-28T16:06:59.179693Z	â”‚ chunks/noop-middleware_DLdYMEst.mjs            â”‚ esm  â”‚ 0.33 KiB    â”‚
2026-01-28T16:06:59.179799Z	â”œâ”€â”€â”€â”€â”€â”€â”€â”€â”€â”€â”€â”€â”€â”€â”€â”€â”€â”€â”€â”€â”€â”€â”€â”€â”€â”€â”€â”€â”€â”€â”€â”€â”€â”€â”€â”€â”€â”€â”€â”€â”€â”€â”€â”€â”€â”€â”€â”€â”¼â”€â”€â”€â”€â”€â”€â”¼â”€â”€â”€â”€â”€â”€â”€â”€â”€â”€â”€â”€â”€â”¤
2026-01-28T16:06:59.179898Z	â”‚ chunks/noop_DNxeOBuW.mjs                       â”‚ esm  â”‚ 0.67 KiB    â”‚
2026-01-28T16:06:59.180019Z	â”œâ”€â”€â”€â”€â”€â”€â”€â”€â”€â”€â”€â”€â”€â”€â”€â”€â”€â”€â”€â”€â”€â”€â”€â”€â”€â”€â”€â”€â”€â”€â”€â”€â”€â”€â”€â”€â”€â”€â”€â”€â”€â”€â”€â”€â”€â”€â”€â”€â”¼â”€â”€â”€â”€â”€â”€â”¼â”€â”€â”€â”€â”€â”€â”€â”€â”€â”€â”€â”€â”€â”¤
2026-01-28T16:06:59.180126Z	â”‚ chunks/parse_DGrrK2jG.mjs                      â”‚ esm  â”‚ 8.70 KiB    â”‚
2026-01-28T16:06:59.180238Z	â”œâ”€â”€â”€â”€â”€â”€â”€â”€â”€â”€â”€â”€â”€â”€â”€â”€â”€â”€â”€â”€â”€â”€â”€â”€â”€â”€â”€â”€â”€â”€â”€â”€â”€â”€â”€â”€â”€â”€â”€â”€â”€â”€â”€â”€â”€â”€â”€â”€â”¼â”€â”€â”€â”€â”€â”€â”¼â”€â”€â”€â”€â”€â”€â”€â”€â”€â”€â”€â”€â”€â”¤
2026-01-28T16:06:59.180355Z	â”‚ chunks/path_BgNISshD.mjs                       â”‚ esm  â”‚ 3.17 KiB    â”‚
2026-01-28T16:06:59.180468Z	â”œâ”€â”€â”€â”€â”€â”€â”€â”€â”€â”€â”€â”€â”€â”€â”€â”€â”€â”€â”€â”€â”€â”€â”€â”€â”€â”€â”€â”€â”€â”€â”€â”€â”€â”€â”€â”€â”€â”€â”€â”€â”€â”€â”€â”€â”€â”€â”€â”€â”¼â”€â”€â”€â”€â”€â”€â”¼â”€â”€â”€â”€â”€â”€â”€â”€â”€â”€â”€â”€â”€â”¤
2026-01-28T16:06:59.180569Z	â”‚ chunks/remote_CrdlObHx.mjs                     â”‚ esm  â”‚ 2.21 KiB    â”‚
2026-01-28T16:06:59.180657Z	â”œâ”€â”€â”€â”€â”€â”€â”€â”€â”€â”€â”€â”€â”€â”€â”€â”€â”€â”€â”€â”€â”€â”€â”€â”€â”€â”€â”€â”€â”€â”€â”€â”€â”€â”€â”€â”€â”€â”€â”€â”€â”€â”€â”€â”€â”€â”€â”€â”€â”¼â”€â”€â”€â”€â”€â”€â”¼â”€â”€â”€â”€â”€â”€â”€â”€â”€â”€â”€â”€â”€â”¤
2026-01-28T16:06:59.180756Z	â”‚ chunks/signedUrlGenerator_BTjXsV_8.mjs         â”‚ esm  â”‚ 7.88 KiB    â”‚
2026-01-28T16:06:59.180868Z	â”œâ”€â”€â”€â”€â”€â”€â”€â”€â”€â”€â”€â”€â”€â”€â”€â”€â”€â”€â”€â”€â”€â”€â”€â”€â”€â”€â”€â”€â”€â”€â”€â”€â”€â”€â”€â”€â”€â”€â”€â”€â”€â”€â”€â”€â”€â”€â”€â”€â”¼â”€â”€â”€â”€â”€â”€â”¼â”€â”€â”€â”€â”€â”€â”€â”€â”€â”€â”€â”€â”€â”¤
2026-01-28T16:06:59.180969Z	â”‚ chunks/tokenValidator_BAOX_TuC.mjs             â”‚ esm  â”‚ 4.06 KiB    â”‚
2026-01-28T16:06:59.181073Z	â”œâ”€â”€â”€â”€â”€â”€â”€â”€â”€â”€â”€â”€â”€â”€â”€â”€â”€â”€â”€â”€â”€â”€â”€â”€â”€â”€â”€â”€â”€â”€â”€â”€â”€â”€â”€â”€â”€â”€â”€â”€â”€â”€â”€â”€â”€â”€â”€â”€â”¼â”€â”€â”€â”€â”€â”€â”¼â”€â”€â”€â”€â”€â”€â”€â”€â”€â”€â”€â”€â”€â”¤
2026-01-28T16:06:59.181176Z	â”‚ manifest_B61znRVi.mjs                          â”‚ esm  â”‚ 31.83 KiB   â”‚
2026-01-28T16:06:59.181275Z	â”œâ”€â”€â”€â”€â”€â”€â”€â”€â”€â”€â”€â”€â”€â”€â”€â”€â”€â”€â”€â”€â”€â”€â”€â”€â”€â”€â”€â”€â”€â”€â”€â”€â”€â”€â”€â”€â”€â”€â”€â”€â”€â”€â”€â”€â”€â”€â”€â”€â”¼â”€â”€â”€â”€â”€â”€â”¼â”€â”€â”€â”€â”€â”€â”€â”€â”€â”€â”€â”€â”€â”¤
2026-01-28T16:06:59.181375Z	â”‚ noop-entrypoint.mjs                            â”‚ esm  â”‚ 0.09 KiB    â”‚
2026-01-28T16:06:59.181476Z	â”œâ”€â”€â”€â”€â”€â”€â”€â”€â”€â”€â”€â”€â”€â”€â”€â”€â”€â”€â”€â”€â”€â”€â”€â”€â”€â”€â”€â”€â”€â”€â”€â”€â”€â”€â”€â”€â”€â”€â”€â”€â”€â”€â”€â”€â”€â”€â”€â”€â”¼â”€â”€â”€â”€â”€â”€â”¼â”€â”€â”€â”€â”€â”€â”€â”€â”€â”€â”€â”€â”€â”¤
2026-01-28T16:06:59.181579Z	â”‚ pages/_image.astro.mjs                         â”‚ esm  â”‚ 3.09 KiB    â”‚
2026-01-28T16:06:59.181695Z	â”œâ”€â”€â”€â”€â”€â”€â”€â”€â”€â”€â”€â”€â”€â”€â”€â”€â”€â”€â”€â”€â”€â”€â”€â”€â”€â”€â”€â”€â”€â”€â”€â”€â”€â”€â”€â”€â”€â”€â”€â”€â”€â”€â”€â”€â”€â”€â”€â”€â”¼â”€â”€â”€â”€â”€â”€â”¼â”€â”€â”€â”€â”€â”€â”€â”€â”€â”€â”€â”€â”€â”¤
2026-01-28T16:06:59.181806Z	â”‚ pages/access/_tier_.astro.mjs                  â”‚ esm  â”‚ 0.06 KiB    â”‚
2026-01-28T16:06:59.181923Z	â”œâ”€â”€â”€â”€â”€â”€â”€â”€â”€â”€â”€â”€â”€â”€â”€â”€â”€â”€â”€â”€â”€â”€â”€â”€â”€â”€â”€â”€â”€â”€â”€â”€â”€â”€â”€â”€â”€â”€â”€â”€â”€â”€â”€â”€â”€â”€â”€â”€â”¼â”€â”€â”€â”€â”€â”€â”¼â”€â”€â”€â”€â”€â”€â”€â”€â”€â”€â”€â”€â”€â”¤
2026-01-28T16:06:59.182038Z	â”‚ pages/access.astro.mjs                         â”‚ esm  â”‚ 0.06 KiB    â”‚
2026-01-28T16:06:59.182156Z	â”œâ”€â”€â”€â”€â”€â”€â”€â”€â”€â”€â”€â”€â”€â”€â”€â”€â”€â”€â”€â”€â”€â”€â”€â”€â”€â”€â”€â”€â”€â”€â”€â”€â”€â”€â”€â”€â”€â”€â”€â”€â”€â”€â”€â”€â”€â”€â”€â”€â”¼â”€â”€â”€â”€â”€â”€â”¼â”€â”€â”€â”€â”€â”€â”€â”€â”€â”€â”€â”€â”€â”¤
2026-01-28T16:06:59.18227Z	â”‚ pages/api/download.astro.mjs                   â”‚ esm  â”‚ 0.06 KiB    â”‚
2026-01-28T16:06:59.18239Z	â”œâ”€â”€â”€â”€â”€â”€â”€â”€â”€â”€â”€â”€â”€â”€â”€â”€â”€â”€â”€â”€â”€â”€â”€â”€â”€â”€â”€â”€â”€â”€â”€â”€â”€â”€â”€â”€â”€â”€â”€â”€â”€â”€â”€â”€â”€â”€â”€â”€â”¼â”€â”€â”€â”€â”€â”€â”¼â”€â”€â”€â”€â”€â”€â”€â”€â”€â”€â”€â”€â”€â”¤
2026-01-28T16:06:59.182493Z	â”‚ pages/api/downloads/tier1.astro.mjs            â”‚ esm  â”‚ 3.31 KiB    â”‚
2026-01-28T16:06:59.182759Z	â”œâ”€â”€â”€â”€â”€â”€â”€â”€â”€â”€â”€â”€â”€â”€â”€â”€â”€â”€â”€â”€â”€â”€â”€â”€â”€â”€â”€â”€â”€â”€â”€â”€â”€â”€â”€â”€â”€â”€â”€â”€â”€â”€â”€â”€â”€â”€â”€â”€â”¼â”€â”€â”€â”€â”€â”€â”¼â”€â”€â”€â”€â”€â”€â”€â”€â”€â”€â”€â”€â”€â”¤
2026-01-28T16:06:59.182899Z	â”‚ pages/api/downloads/tier2.astro.mjs            â”‚ esm  â”‚ 3.31 KiB    â”‚
2026-01-28T16:06:59.183003Z	â”œâ”€â”€â”€â”€â”€â”€â”€â”€â”€â”€â”€â”€â”€â”€â”€â”€â”€â”€â”€â”€â”€â”€â”€â”€â”€â”€â”€â”€â”€â”€â”€â”€â”€â”€â”€â”€â”€â”€â”€â”€â”€â”€â”€â”€â”€â”€â”€â”€â”¼â”€â”€â”€â”€â”€â”€â”¼â”€â”€â”€â”€â”€â”€â”€â”€â”€â”€â”€â”€â”€â”¤
2026-01-28T16:06:59.183128Z	â”‚ pages/api/downloads/tier3.astro.mjs            â”‚ esm  â”‚ 3.31 KiB    â”‚
2026-01-28T16:06:59.183195Z	â”œâ”€â”€â”€â”€â”€â”€â”€â”€â”€â”€â”€â”€â”€â”€â”€â”€â”€â”€â”€â”€â”€â”€â”€â”€â”€â”€â”€â”€â”€â”€â”€â”€â”€â”€â”€â”€â”€â”€â”€â”€â”€â”€â”€â”€â”€â”€â”€â”€â”¼â”€â”€â”€â”€â”€â”€â”¼â”€â”€â”€â”€â”€â”€â”€â”€â”€â”€â”€â”€â”€â”¤
2026-01-28T16:06:59.183261Z	â”‚ pages/contact.astro.mjs                        â”‚ esm  â”‚ 0.06 KiB    â”‚
2026-01-28T16:06:59.18333Z	â”œâ”€â”€â”€â”€â”€â”€â”€â”€â”€â”€â”€â”€â”€â”€â”€â”€â”€â”€â”€â”€â”€â”€â”€â”€â”€â”€â”€â”€â”€â”€â”€â”€â”€â”€â”€â”€â”€â”€â”€â”€â”€â”€â”€â”€â”€â”€â”€â”€â”¼â”€â”€â”€â”€â”€â”€â”¼â”€â”€â”€â”€â”€â”€â”€â”€â”€â”€â”€â”€â”€â”¤
2026-01-28T16:06:59.18339Z	â”‚ pages/dataset.astro.mjs                        â”‚ esm  â”‚ 0.06 KiB    â”‚
2026-01-28T16:06:59.183444Z	â”œâ”€â”€â”€â”€â”€â”€â”€â”€â”€â”€â”€â”€â”€â”€â”€â”€â”€â”€â”€â”€â”€â”€â”€â”€â”€â”€â”€â”€â”€â”€â”€â”€â”€â”€â”€â”€â”€â”€â”€â”€â”€â”€â”€â”€â”€â”€â”€â”€â”¼â”€â”€â”€â”€â”€â”€â”¼â”€â”€â”€â”€â”€â”€â”€â”€â”€â”€â”€â”€â”€â”¤
2026-01-28T16:06:59.183499Z	â”‚ pages/downloads/tier1.astro.mjs                â”‚ esm  â”‚ 12.33 KiB   â”‚
2026-01-28T16:06:59.183555Z	â”œâ”€â”€â”€â”€â”€â”€â”€â”€â”€â”€â”€â”€â”€â”€â”€â”€â”€â”€â”€â”€â”€â”€â”€â”€â”€â”€â”€â”€â”€â”€â”€â”€â”€â”€â”€â”€â”€â”€â”€â”€â”€â”€â”€â”€â”€â”€â”€â”€â”¼â”€â”€â”€â”€â”€â”€â”¼â”€â”€â”€â”€â”€â”€â”€â”€â”€â”€â”€â”€â”€â”¤
2026-01-28T16:06:59.183636Z	â”‚ pages/downloads/tier2.astro.mjs                â”‚ esm  â”‚ 11.86 KiB   â”‚
2026-01-28T16:06:59.183731Z	â”œâ”€â”€â”€â”€â”€â”€â”€â”€â”€â”€â”€â”€â”€â”€â”€â”€â”€â”€â”€â”€â”€â”€â”€â”€â”€â”€â”€â”€â”€â”€â”€â”€â”€â”€â”€â”€â”€â”€â”€â”€â”€â”€â”€â”€â”€â”€â”€â”€â”¼â”€â”€â”€â”€â”€â”€â”¼â”€â”€â”€â”€â”€â”€â”€â”€â”€â”€â”€â”€â”€â”¤
2026-01-28T16:06:59.183798Z	â”‚ pages/downloads/tier3.astro.mjs                â”‚ esm  â”‚ 11.85 KiB   â”‚
2026-01-28T16:06:59.183855Z	â”œâ”€â”€â”€â”€â”€â”€â”€â”€â”€â”€â”€â”€â”€â”€â”€â”€â”€â”€â”€â”€â”€â”€â”€â”€â”€â”€â”€â”€â”€â”€â”€â”€â”€â”€â”€â”€â”€â”€â”€â”€â”€â”€â”€â”€â”€â”€â”€â”€â”¼â”€â”€â”€â”€â”€â”€â”¼â”€â”€â”€â”€â”€â”€â”€â”€â”€â”€â”€â”€â”€â”¤
2026-01-28T16:06:59.183921Z	â”‚ pages/index.astro.mjs                          â”‚ esm  â”‚ 0.06 KiB    â”‚
2026-01-28T16:06:59.183979Z	â”œâ”€â”€â”€â”€â”€â”€â”€â”€â”€â”€â”€â”€â”€â”€â”€â”€â”€â”€â”€â”€â”€â”€â”€â”€â”€â”€â”€â”€â”€â”€â”€â”€â”€â”€â”€â”€â”€â”€â”€â”€â”€â”€â”€â”€â”€â”€â”€â”€â”¼â”€â”€â”€â”€â”€â”€â”¼â”€â”€â”€â”€â”€â”€â”€â”€â”€â”€â”€â”€â”€â”¤
2026-01-28T16:06:59.184035Z	â”‚ pages/legal/disclaimer.astro.mjs               â”‚ esm  â”‚ 0.06 KiB    â”‚
2026-01-28T16:06:59.18435Z	â”œâ”€â”€â”€â”€â”€â”€â”€â”€â”€â”€â”€â”€â”€â”€â”€â”€â”€â”€â”€â”€â”€â”€â”€â”€â”€â”€â”€â”€â”€â”€â”€â”€â”€â”€â”€â”€â”€â”€â”€â”€â”€â”€â”€â”€â”€â”€â”€â”€â”¼â”€â”€â”€â”€â”€â”€â”¼â”€â”€â”€â”€â”€â”€â”€â”€â”€â”€â”€â”€â”€â”¤
2026-01-28T16:06:59.184515Z	â”‚ pages/legal/privacy.astro.mjs                  â”‚ esm  â”‚ 0.06 KiB    â”‚
2026-01-28T16:06:59.184726Z	â”œâ”€â”€â”€â”€â”€â”€â”€â”€â”€â”€â”€â”€â”€â”€â”€â”€â”€â”€â”€â”€â”€â”€â”€â”€â”€â”€â”€â”€â”€â”€â”€â”€â”€â”€â”€â”€â”€â”€â”€â”€â”€â”€â”€â”€â”€â”€â”€â”€â”¼â”€â”€â”€â”€â”€â”€â”¼â”€â”€â”€â”€â”€â”€â”€â”€â”€â”€â”€â”€â”€â”¤
2026-01-28T16:06:59.184847Z	â”‚ pages/legal/terms.astro.mjs                    â”‚ esm  â”‚ 0.06 KiB    â”‚
2026-01-28T16:06:59.185003Z	â”œâ”€â”€â”€â”€â”€â”€â”€â”€â”€â”€â”€â”€â”€â”€â”€â”€â”€â”€â”€â”€â”€â”€â”€â”€â”€â”€â”€â”€â”€â”€â”€â”€â”€â”€â”€â”€â”€â”€â”€â”€â”€â”€â”€â”€â”€â”€â”€â”€â”¼â”€â”€â”€â”€â”€â”€â”¼â”€â”€â”€â”€â”€â”€â”€â”€â”€â”€â”€â”€â”€â”¤
2026-01-28T16:06:59.185088Z	â”‚ pages/research.astro.mjs                       â”‚ esm  â”‚ 0.06 KiB    â”‚
2026-01-28T16:06:59.185157Z	â”œâ”€â”€â”€â”€â”€â”€â”€â”€â”€â”€â”€â”€â”€â”€â”€â”€â”€â”€â”€â”€â”€â”€â”€â”€â”€â”€â”€â”€â”€â”€â”€â”€â”€â”€â”€â”€â”€â”€â”€â”€â”€â”€â”€â”€â”€â”€â”€â”€â”¼â”€â”€â”€â”€â”€â”€â”¼â”€â”€â”€â”€â”€â”€â”€â”€â”€â”€â”€â”€â”€â”¤
2026-01-28T16:06:59.185285Z	â”‚ pages/updates/_slug_.astro.mjs                 â”‚ esm  â”‚ 0.06 KiB    â”‚
2026-01-28T16:06:59.185374Z	â”œâ”€â”€â”€â”€â”€â”€â”€â”€â”€â”€â”€â”€â”€â”€â”€â”€â”€â”€â”€â”€â”€â”€â”€â”€â”€â”€â”€â”€â”€â”€â”€â”€â”€â”€â”€â”€â”€â”€â”€â”€â”€â”€â”€â”€â”€â”€â”€â”€â”¼â”€â”€â”€â”€â”€â”€â”¼â”€â”€â”€â”€â”€â”€â”€â”€â”€â”€â”€â”€â”€â”¤
2026-01-28T16:06:59.185438Z	â”‚ pages/updates.astro.mjs                        â”‚ esm  â”‚ 0.06 KiB    â”‚
2026-01-28T16:06:59.185495Z	â”œâ”€â”€â”€â”€â”€â”€â”€â”€â”€â”€â”€â”€â”€â”€â”€â”€â”€â”€â”€â”€â”€â”€â”€â”€â”€â”€â”€â”€â”€â”€â”€â”€â”€â”€â”€â”€â”€â”€â”€â”€â”€â”€â”€â”€â”€â”€â”€â”€â”¼â”€â”€â”€â”€â”€â”€â”¼â”€â”€â”€â”€â”€â”€â”€â”€â”€â”€â”€â”€â”€â”¤
2026-01-28T16:06:59.185553Z	â”‚ renderers.mjs                                  â”‚ esm  â”‚ 0.10 KiB    â”‚
2026-01-28T16:06:59.185611Z	â”œâ”€â”€â”€â”€â”€â”€â”€â”€â”€â”€â”€â”€â”€â”€â”€â”€â”€â”€â”€â”€â”€â”€â”€â”€â”€â”€â”€â”€â”€â”€â”€â”€â”€â”€â”€â”€â”€â”€â”€â”€â”€â”€â”€â”€â”€â”€â”€â”€â”¼â”€â”€â”€â”€â”€â”€â”¼â”€â”€â”€â”€â”€â”€â”€â”€â”€â”€â”€â”€â”€â”¤
2026-01-28T16:06:59.185699Z	â”‚ Total (44 modules)                             â”‚      â”‚ 1035.50 KiB â”‚
2026-01-28T16:06:59.185771Z	â””â”€â”€â”€â”€â”€â”€â”€â”€â”€â”€â”€â”€â”€â”€â”€â”€â”€â”€â”€â”€â”€â”€â”€â”€â”€â”€â”€â”€â”€â”€â”€â”€â”€â”€â”€â”€â”€â”€â”€â”€â”€â”€â”€â”€â”€â”€â”€â”€â”´â”€â”€â”€â”€â”€â”€â”´â”€â”€â”€â”€â”€â”€â”€â”€â”€â”€â”€â”€â”€â”˜
2026-01-28T16:06:59.209639Z	âœ¨ Compiled Worker successfully
2026-01-28T16:07:00.321408Z	Found _routes.json in output directory. Uploading.
2026-01-28T16:07:00.332742Z	Validating asset output directory
2026-01-28T16:07:03.113738Z	Deploying your site to Cloudflare's global network...
2026-01-28T16:07:20.807924Z	Uploading... (62/62)
2026-01-28T16:07:20.808618Z	âœ¨ Success! Uploaded 0 files (62 already uploaded) (0.28 sec)
2026-01-28T16:07:20.808814Z	
2026-01-28T16:07:21.205438Z	âœ¨ Upload complete!
2026-01-28T16:07:25.163248Z	Success: Assets published!
2026-01-28T16:07:29.277013Z	Success: Your site was deployed!